2024-04-16 02:02:19,262 [ERROR] LogOutputStream:75 - [STDERR_REDIRECT] 
2024-04-16 02:05:08,563 [INFO] Activator:176 - 


2024-04-16 02:05:08,565 [INFO] Activator:177 - !SESSION log4j initialized
2024-04-16 02:05:14,083 [INFO] LogOutputStream:77 - [STDOUT_REDIRECT] 
2024-04-16 02:05:14,463 [ERROR] LogOutputStream:75 - [STDERR_REDIRECT] 
2024-04-16 02:05:16,937 [INFO] LogOutputStream:77 - [STDOUT_REDIRECT] 
2024-04-16 02:05:18,168 [INFO] ApplicationProperties:184 - Using Application install path: /Applications/STM32CubeIDE.app/Contents/Eclipse/plugins/com.st.stm32cube.common.mx_6.11.0.202403141607
2024-04-16 02:05:18,182 [INFO] DbMcusXml:78 - Set database path to: /Applications/STM32CubeIDE.app/Contents/Eclipse/plugins/com.st.stm32cube.common.mx_6.11.0.202403141607//db//mcu/
2024-04-16 02:05:18,182 [INFO] ApiDb:274 - Set plugin database path to: /Applications/STM32CubeIDE.app/Contents/Eclipse/plugins/com.st.stm32cube.common.mx_6.11.0.202403141607//db//plugins/boardmanager/
2024-04-16 02:05:18,183 [WARN] ApiDb:259 - Overriding images path with different value:  => /Applications/STM32CubeIDE.app/Contents/Eclipse/plugins/com.st.stm32cube.common.mx_6.11.0.202403141607//db//plugins/mcufinder/images/
2024-04-16 02:05:18,191 [INFO] ApiDb:250 - Set database path to: /Users/zawad/.stmcufinder/plugins/mcufinder//mcu/
2024-04-16 02:05:18,192 [INFO] DbMcusAds:125 - Set database path to: /Users/zawad/.stmcufinder/plugins/mcufinder//mcu/
2024-04-16 02:05:18,193 [INFO] CrossReferenceDbSqlite:203 - Set database path to: /Users/zawad/.stmcufinder/plugins/mcufinder//mcu/cs/
2024-04-16 02:05:18,332 [INFO] RulesReader:64 - Compatibility file has been processed (297 Rules)
2024-04-16 02:05:18,394 [INFO] DbMcusXml:78 - Set database path to: /Applications/STM32CubeIDE.app/Contents/Eclipse/plugins/com.st.stm32cube.common.mx_6.11.0.202403141607//db//mcu/
2024-04-16 02:05:18,394 [INFO] ApiDb:274 - Set plugin database path to: /Applications/STM32CubeIDE.app/Contents/Eclipse/plugins/com.st.stm32cube.common.mx_6.11.0.202403141607//db//plugins/boardmanager/
2024-04-16 02:05:18,395 [INFO] ApiDb:261 - Set plugin images path to: /Applications/STM32CubeIDE.app/Contents/Eclipse/plugins/com.st.stm32cube.common.mx_6.11.0.202403141607//db//plugins/mcufinder/images/
2024-04-16 02:05:18,395 [WARN] DbFile:41 - Overriding database path with different value: /Users/zawad/.stmcufinder/plugins/mcufinder/ => /Users/zawad/.stmcufinder/plugins/mcufinder
2024-04-16 02:05:18,395 [INFO] ApiDb:250 - Set database path to: /Users/zawad/.stmcufinder/plugins/mcufinder//mcu/
2024-04-16 02:05:18,395 [WARN] DbFile:41 - Overriding database path with different value: /Users/zawad/.stmcufinder/plugins/mcufinder/ => /Users/zawad/.stmcufinder/plugins/mcufinder
2024-04-16 02:05:18,395 [INFO] DbMcusAds:125 - Set database path to: /Users/zawad/.stmcufinder/plugins/mcufinder//mcu/
2024-04-16 02:05:18,395 [WARN] DbFile:41 - Overriding database path with different value: /Users/zawad/.stmcufinder/plugins/mcufinder/ => /Users/zawad/.stmcufinder/plugins/mcufinder
2024-04-16 02:05:18,395 [WARN] DbFile:41 - Overriding database path with different value: /Users/zawad/.stmcufinder/plugins/mcufinder/ => /Users/zawad/.stmcufinder/plugins/mcufinder
2024-04-16 02:05:18,395 [INFO] CrossReferenceDbSqlite:203 - Set database path to: /Users/zawad/.stmcufinder/plugins/mcufinder//mcu/cs/
2024-04-16 02:05:18,499 [INFO] MainPanel:264 - HeapMemory: 268435456
2024-04-16 02:05:18,625 [INFO] DbMcusXml:78 - Set database path to: /Applications/STM32CubeIDE.app/Contents/Eclipse/plugins/com.st.stm32cube.common.mx_6.11.0.202403141607//db//mcu/
2024-04-16 02:05:18,626 [INFO] ApiDb:274 - Set plugin database path to: /Applications/STM32CubeIDE.app/Contents/Eclipse/plugins/com.st.stm32cube.common.mx_6.11.0.202403141607//db//plugins/boardmanager/
2024-04-16 02:05:18,626 [INFO] ApiDb:261 - Set plugin images path to: /Applications/STM32CubeIDE.app/Contents/Eclipse/plugins/com.st.stm32cube.common.mx_6.11.0.202403141607//db//plugins/mcufinder/images/
2024-04-16 02:05:18,626 [WARN] DbFile:41 - Overriding database path with different value: /Users/zawad/.stmcufinder/plugins/mcufinder/ => /Users/zawad/.stmcufinder/plugins/mcufinder
2024-04-16 02:05:18,626 [INFO] ApiDb:250 - Set database path to: /Users/zawad/.stmcufinder/plugins/mcufinder//mcu/
2024-04-16 02:05:18,626 [WARN] DbFile:41 - Overriding database path with different value: /Users/zawad/.stmcufinder/plugins/mcufinder/ => /Users/zawad/.stmcufinder/plugins/mcufinder
2024-04-16 02:05:18,626 [INFO] DbMcusAds:125 - Set database path to: /Users/zawad/.stmcufinder/plugins/mcufinder//mcu/
2024-04-16 02:05:18,626 [WARN] DbFile:41 - Overriding database path with different value: /Users/zawad/.stmcufinder/plugins/mcufinder/ => /Users/zawad/.stmcufinder/plugins/mcufinder
2024-04-16 02:05:18,626 [WARN] DbFile:41 - Overriding database path with different value: /Users/zawad/.stmcufinder/plugins/mcufinder/ => /Users/zawad/.stmcufinder/plugins/mcufinder
2024-04-16 02:05:18,627 [INFO] CrossReferenceDbSqlite:203 - Set database path to: /Users/zawad/.stmcufinder/plugins/mcufinder//mcu/cs/
2024-04-16 02:05:18,648 [INFO] ApplicationProperties:184 - Using Application install path: /Applications/STM32CubeIDE.app/Contents/Eclipse/plugins/com.st.stm32cube.common.mx_6.11.0.202403141607
2024-04-16 02:05:18,650 [INFO] PluginManage:196 - Search for loadable plugins [exclusion list=, ]
2024-04-16 02:05:18,651 [INFO] PluginManage:310 - Check plugin analytics
2024-04-16 02:05:18,858 [INFO] AnalyticsPlugin:253 - Accepted Software Licenses: 
2024-04-16 02:05:18,858 [INFO] AnalyticsPlugin:255 - Accepted CMSIS Pack Licenses: 
2024-04-16 02:05:18,858 [INFO] AnalyticsPlugin:257 - Accepted Firmware Licenses: FW.L4.1.18.0
2024-04-16 02:05:18,871 [INFO] PluginManage:359 - Loaded plugin analytics (category:tool,tabindex:-1)
2024-04-16 02:05:18,872 [INFO] PluginManage:310 - Check plugin cadmodel
2024-04-16 02:05:19,113 [INFO] CADModel:105 - Init CAD model plugin
2024-04-16 02:05:19,114 [INFO] PluginManage:359 - Loaded plugin cadmodel (category:power,tabindex:5)
2024-04-16 02:05:19,114 [INFO] PluginManage:310 - Check plugin clock
2024-04-16 02:05:19,125 [INFO] PluginManage:359 - Loaded plugin clock (category:base,tabindex:2)
2024-04-16 02:05:19,125 [INFO] PluginManage:310 - Check plugin ddr
2024-04-16 02:05:19,126 [INFO] PluginManage:359 - Loaded plugin ddr (category:tool,tabindex:6)
2024-04-16 02:05:19,126 [INFO] PluginManage:310 - Check plugin filemanager
2024-04-16 02:05:19,284 [INFO] PluginManage:359 - Loaded plugin filemanager (category:base,tabindex:10)
2024-04-16 02:05:19,285 [INFO] PluginManage:310 - Check plugin ipmanager
2024-04-16 02:05:19,299 [INFO] PluginManage:359 - Loaded plugin ipmanager (category:base,tabindex:5)
2024-04-16 02:05:19,300 [INFO] PluginManage:310 - Check plugin lpbam
2024-04-16 02:05:19,317 [INFO] PluginManage:359 - Loaded plugin lpbam (category:base,tabindex:0)
2024-04-16 02:05:19,317 [INFO] PluginManage:310 - Check plugin memorymap
2024-04-16 02:05:19,336 [INFO] PluginManage:359 - Loaded plugin memorymap (category:base,tabindex:4)
2024-04-16 02:05:19,336 [INFO] PluginManage:310 - Check plugin pinoutandconfiguration
2024-04-16 02:05:19,347 [INFO] PluginManage:359 - Loaded plugin pinoutandconfiguration (category:base,tabindex:1)
2024-04-16 02:05:19,348 [INFO] PluginManage:310 - Check plugin pinoutconfig
2024-04-16 02:05:19,458 [WARN] SupportedApi:132 - Cannot load RTOS API schema: s4s-elt-must-match.1: The content of 'definitions' must match (annotation?, (simpleType | complexType)?, (unique | key | keyref)*)). A problem was found starting at: attribute.
2024-04-16 02:05:19,642 [INFO] PluginManage:359 - Loaded plugin pinoutconfig (category:base,tabindex:0)
2024-04-16 02:05:19,643 [INFO] PluginManage:310 - Check plugin power
2024-04-16 02:05:19,660 [INFO] PluginManage:359 - Loaded plugin power (category:power,tabindex:4)
2024-04-16 02:05:19,660 [INFO] PluginManage:310 - Check plugin projectmanager
2024-04-16 02:05:19,696 [INFO] PluginManage:359 - Loaded plugin projectmanager (category:projectmanager,tabindex:3)
2024-04-16 02:05:19,696 [INFO] PluginManage:310 - Check plugin thirdparty
2024-04-16 02:05:19,917 [INFO] PluginManage:359 - Loaded plugin thirdparty (category:base,tabindex:-1)
2024-04-16 02:05:19,919 [INFO] PluginManage:310 - Check plugin tools
2024-04-16 02:05:19,917 [WARN] IntegrityCheckThread:84 - waiting for thirdparty lock release [integrity check]
2024-04-16 02:05:19,921 [INFO] IntegrityCheckThread:86 - entering critical section [integrity check]
2024-04-16 02:05:19,923 [INFO] ThirdPartyUpdaterWithRetryManager:70 - Updater plugin not ready yet. [1/15]
2024-04-16 02:05:19,926 [INFO] PluginManage:359 - Loaded plugin tools (category:base,tabindex:7)
2024-04-16 02:05:19,927 [INFO] PluginManage:310 - Check plugin tutovideos
2024-04-16 02:05:20,195 [INFO] PluginManage:359 - Loaded plugin tutovideos (category:base,tabindex:-1)
2024-04-16 02:05:20,197 [INFO] PluginManage:310 - Check plugin updater
2024-04-16 02:05:20,228 [INFO] PluginManage:359 - Loaded plugin updater (category:base,tabindex:12)
2024-04-16 02:05:20,230 [INFO] PluginManage:310 - Check plugin userauth
2024-04-16 02:05:20,243 [INFO] UserAuth:114 - Init User Auth plugin
2024-04-16 02:05:20,244 [INFO] PluginManage:359 - Loaded plugin userauth (category:base,tabindex:14)
2024-04-16 02:05:20,244 [INFO] PluginManage:283 - PluginManage : Loaded plugins [17]
2024-04-16 02:05:20,501 [INFO] PinOutPanel:1561 - setPackage(No Configuration,No Configuration)
2024-04-16 02:05:20,565 [INFO] CADModel:165 - CPN selected for project level
2024-04-16 02:05:20,565 [INFO] CADModel:114 - Register for checkConnection events
2024-04-16 02:05:20,578 [INFO] IPUIPlugin:80 - create IPUIPlugin
2024-04-16 02:05:20,579 [INFO] PluginManager:220 - loadIPPluginJar : add mdma
2024-04-16 02:05:20,584 [INFO] IPUIPlugin:80 - create IPUIPlugin
2024-04-16 02:05:20,585 [INFO] PluginManager:220 - loadIPPluginJar : add freertos
2024-04-16 02:05:20,588 [INFO] IPUIPlugin:80 - create IPUIPlugin
2024-04-16 02:05:20,588 [INFO] PluginManager:220 - loadIPPluginJar : add gic
2024-04-16 02:05:20,595 [INFO] IPUIPlugin:80 - create IPUIPlugin
2024-04-16 02:05:20,595 [INFO] PluginManager:220 - loadIPPluginJar : add adc
2024-04-16 02:05:20,597 [INFO] IPUIPlugin:80 - create IPUIPlugin
2024-04-16 02:05:20,597 [INFO] PluginManager:220 - loadIPPluginJar : add gtzc
2024-04-16 02:05:20,599 [INFO] IPUIPlugin:80 - create IPUIPlugin
2024-04-16 02:05:20,600 [INFO] PluginManager:220 - loadIPPluginJar : add quadspi
2024-04-16 02:05:20,602 [INFO] IPUIPlugin:80 - create IPUIPlugin
2024-04-16 02:05:20,602 [INFO] PluginManager:220 - loadIPPluginJar : add aes
2024-04-16 02:05:20,604 [INFO] IPUIPlugin:80 - create IPUIPlugin
2024-04-16 02:05:20,604 [INFO] PluginManager:220 - loadIPPluginJar : add pdm2pcm
2024-04-16 02:05:20,605 [INFO] IPUIPlugin:80 - create IPUIPlugin
2024-04-16 02:05:20,605 [INFO] PluginManager:220 - loadIPPluginJar : add hash
2024-04-16 02:05:20,606 [INFO] IPUIPlugin:80 - create IPUIPlugin
2024-04-16 02:05:20,606 [INFO] PluginManager:220 - loadIPPluginJar : add tim
2024-04-16 02:05:20,607 [INFO] IPUIPlugin:80 - create IPUIPlugin
2024-04-16 02:05:20,607 [INFO] PluginManager:220 - loadIPPluginJar : add tsc
2024-04-16 02:05:20,609 [INFO] IPUIPlugin:80 - create IPUIPlugin
2024-04-16 02:05:20,609 [INFO] PluginManager:220 - loadIPPluginJar : add extmemmanager
2024-04-16 02:05:20,610 [INFO] IPUIPlugin:80 - create IPUIPlugin
2024-04-16 02:05:20,610 [INFO] PluginManager:220 - loadIPPluginJar : add ts
2024-04-16 02:05:20,612 [INFO] IPUIPlugin:80 - create IPUIPlugin
2024-04-16 02:05:20,613 [INFO] PluginManager:220 - loadIPPluginJar : add can
2024-04-16 02:05:20,615 [INFO] IPUIPlugin:80 - create IPUIPlugin
2024-04-16 02:05:20,615 [INFO] PluginManager:220 - loadIPPluginJar : add dma3
2024-04-16 02:05:20,616 [INFO] IPUIPlugin:80 - create IPUIPlugin
2024-04-16 02:05:20,616 [INFO] PluginManager:220 - loadIPPluginJar : add dfsdm
2024-04-16 02:05:20,617 [INFO] IPUIPlugin:80 - create IPUIPlugin
2024-04-16 02:05:20,617 [INFO] PluginManager:220 - loadIPPluginJar : add spi
2024-04-16 02:05:20,618 [INFO] IPUIPlugin:80 - create IPUIPlugin
2024-04-16 02:05:20,618 [INFO] PluginManager:220 - loadIPPluginJar : add gfxmmu
2024-04-16 02:05:20,619 [INFO] IPUIPlugin:80 - create IPUIPlugin
2024-04-16 02:05:20,619 [INFO] PluginManager:220 - loadIPPluginJar : add genericplugin
2024-04-16 02:05:20,619 [INFO] IPUIPlugin:80 - create IPUIPlugin
2024-04-16 02:05:20,620 [INFO] PluginManager:220 - loadIPPluginJar : add cryp
2024-04-16 02:05:20,622 [INFO] IPUIPlugin:80 - create IPUIPlugin
2024-04-16 02:05:20,622 [INFO] PluginManager:220 - loadIPPluginJar : add gpio
2024-04-16 02:05:20,623 [INFO] IPUIPlugin:80 - create IPUIPlugin
2024-04-16 02:05:20,623 [INFO] PluginManager:220 - loadIPPluginJar : add comp
2024-04-16 02:05:20,624 [INFO] IPUIPlugin:80 - create IPUIPlugin
2024-04-16 02:05:20,625 [INFO] PluginManager:220 - loadIPPluginJar : add tracer_emb
2024-04-16 02:05:20,627 [INFO] IPUIPlugin:80 - create IPUIPlugin
2024-04-16 02:05:20,627 [INFO] PluginManager:220 - loadIPPluginJar : add openamp
2024-04-16 02:05:20,630 [INFO] IPUIPlugin:80 - create IPUIPlugin
2024-04-16 02:05:20,630 [INFO] PluginManager:220 - loadIPPluginJar : add stm32_wpan
2024-04-16 02:05:20,634 [INFO] IPUIPlugin:80 - create IPUIPlugin
2024-04-16 02:05:20,637 [INFO] PluginManager:220 - loadIPPluginJar : add plateformsettings
2024-04-16 02:05:20,639 [INFO] IPUIPlugin:80 - create IPUIPlugin
2024-04-16 02:05:20,639 [INFO] PluginManager:220 - loadIPPluginJar : add ipddr
2024-04-16 02:05:20,641 [INFO] IPUIPlugin:80 - create IPUIPlugin
2024-04-16 02:05:20,641 [INFO] PluginManager:220 - loadIPPluginJar : add usart
2024-04-16 02:05:20,641 [INFO] IPUIPlugin:80 - create IPUIPlugin
2024-04-16 02:05:20,641 [INFO] PluginManager:220 - loadIPPluginJar : add ltdc
2024-04-16 02:05:20,643 [INFO] IPUIPlugin:80 - create IPUIPlugin
2024-04-16 02:05:20,643 [INFO] PluginManager:220 - loadIPPluginJar : add nvic
2024-04-16 02:05:20,644 [INFO] IPUIPlugin:80 - create IPUIPlugin
2024-04-16 02:05:20,644 [INFO] PluginManager:220 - loadIPPluginJar : add fatfs
2024-04-16 02:05:20,648 [INFO] IPUIPlugin:80 - create IPUIPlugin
2024-04-16 02:05:20,648 [INFO] PluginManager:220 - loadIPPluginJar : add linkedlist
2024-04-16 02:05:20,653 [INFO] IPUIPlugin:80 - create IPUIPlugin
2024-04-16 02:05:20,653 [INFO] PluginManager:220 - loadIPPluginJar : add dma
2024-04-16 02:05:20,655 [INFO] IPUIPlugin:80 - create IPUIPlugin
2024-04-16 02:05:20,655 [INFO] PluginManager:220 - loadIPPluginJar : add fmc
2024-04-16 02:05:20,656 [INFO] IPUIPlugin:80 - create IPUIPlugin
2024-04-16 02:05:20,657 [INFO] PluginManager:220 - loadIPPluginJar : add i2s
2024-04-16 02:05:20,658 [INFO] IPUIPlugin:80 - create IPUIPlugin
2024-04-16 02:05:20,658 [INFO] PluginManager:220 - loadIPPluginJar : add ucpd
2024-04-16 02:05:20,659 [INFO] IPUIPlugin:80 - create IPUIPlugin
2024-04-16 02:05:20,659 [INFO] PluginManager:220 - loadIPPluginJar : add lorawan
2024-04-16 02:05:20,661 [INFO] IPUIPlugin:80 - create IPUIPlugin
2024-04-16 02:05:20,661 [INFO] PluginManager:220 - loadIPPluginJar : add opamp
2024-04-16 02:05:20,663 [INFO] IPUIPlugin:80 - create IPUIPlugin
2024-04-16 02:05:20,663 [INFO] PluginManager:220 - loadIPPluginJar : add i3c
2024-04-16 02:05:20,665 [INFO] IPUIPlugin:80 - create IPUIPlugin
2024-04-16 02:05:20,667 [INFO] PluginManager:220 - loadIPPluginJar : add touchsensing
2024-04-16 02:05:20,669 [INFO] IPUIPlugin:80 - create IPUIPlugin
2024-04-16 02:05:20,669 [INFO] PluginManager:220 - loadIPPluginJar : add i2c
2024-04-16 02:05:20,672 [INFO] IPUIPlugin:80 - create IPUIPlugin
2024-04-16 02:05:20,672 [INFO] PluginManager:220 - loadIPPluginJar : add resmgrutility
2024-04-16 02:05:20,674 [INFO] IPUIPlugin:80 - create IPUIPlugin
2024-04-16 02:05:20,674 [INFO] PluginManager:220 - loadIPPluginJar : add sai
2024-04-16 02:05:20,675 [INFO] IPUIPlugin:80 - create IPUIPlugin
2024-04-16 02:05:20,675 [INFO] PluginManager:220 - loadIPPluginJar : add usbx
2024-04-16 02:05:20,796 [INFO] CADModel:165 - CPN selected for project level
2024-04-16 02:05:20,796 [INFO] CADModel:114 - Register for checkConnection events
2024-04-16 02:05:20,796 [FATAL] Updater:308 - Updater called before beeing initialized
2024-04-16 02:05:20,796 [ERROR] CADModel:125 - Updater not yet initialized, retry later 
2024-04-16 02:05:21,054 [INFO] CADModel:165 - CPN selected for project level
2024-04-16 02:05:21,055 [INFO] CADModel:114 - Register for checkConnection events
2024-04-16 02:05:21,055 [FATAL] Updater:308 - Updater called before beeing initialized
2024-04-16 02:05:21,055 [ERROR] CADModel:125 - Updater not yet initialized, retry later 
2024-04-16 02:05:21,057 [FATAL] Updater:308 - Updater called before beeing initialized
2024-04-16 02:05:21,218 [FATAL] Updater:308 - Updater called before beeing initialized
2024-04-16 02:05:21,224 [INFO] DbMcusAds:53 - JSON generation date=Wed Nov 29 05:52:27 EST 2023 (1701255147349)
2024-04-16 02:05:21,225 [FATAL] Updater:308 - Updater called before beeing initialized
2024-04-16 02:05:21,278 [WARN] DetailPanel:346 - Failed to get advertising image, set to default
2024-04-16 02:05:21,358 [FATAL] Updater:308 - Updater called before beeing initialized
2024-04-16 02:05:21,361 [FATAL] Updater:308 - Updater called before beeing initialized
2024-04-16 02:05:21,361 [FATAL] Updater:308 - Updater called before beeing initialized
2024-04-16 02:05:21,361 [WARN] DetailPanel:346 - Failed to get advertising image, set to default
2024-04-16 02:05:21,362 [FATAL] Updater:308 - Updater called before beeing initialized
2024-04-16 02:05:21,537 [ERROR] Updater:1120 - MainUpdater not yet initialized. External WinMGr cannot be set.
2024-04-16 02:05:21,547 [INFO] Updater:1056 - Updater Version found : 6.11.0
2024-04-16 02:05:21,564 [INFO] ApplicationProperties:184 - Using Application install path: /Applications/STM32CubeIDE.app/Contents/Eclipse/plugins/com.st.stm32cube.common.mx_6.11.0.202403141607
2024-04-16 02:05:21,934 [INFO] MainUpdater:2873 - connection check result : 10
2024-04-16 02:05:21,935 [INFO] MainUpdater:290 - Updater Check For Update Now.
2024-04-16 02:05:21,935 [INFO] MicroXplorer:498 - Change Database Version : DB.6.0.110
2024-04-16 02:05:21,940 [INFO] McuFinderGlobals:63 - Set McuFinder mode to 2 (CubeIDE integrated)
2024-04-16 02:05:21,940 [INFO] UserAuth:179 - activating auth plugin
2024-04-16 02:05:21,950 [INFO] UserAuth:415 - Internet connection configuration mode: 1
2024-04-16 02:05:21,963 [INFO] JxBrowserEngine:152 - Initiate JxBrowser Engine with user profile folder
2024-04-16 02:05:22,215 [INFO] CheckServerUpdateThread:120 - End of CheckServer Thread
2024-04-16 02:05:23,093 [WARN] PackLoader:240 - Cannot read IP mode file for STMicroelectronics.X-CUBE-SMBUS.2.1.0
2024-04-16 02:05:23,122 [WARN] PackLoader:240 - Cannot read IP mode file for STMicroelectronics.X-CUBE-TOUCHGFX.4.23.1
2024-04-16 02:05:23,128 [WARN] PackLoader:240 - Cannot read IP mode file for STMicroelectronics.X-CUBE-TOUCHGFX.4.23.2
2024-04-16 02:05:23,213 [WARN] PackLoader:240 - Cannot read IP mode file for STMicroelectronics.X-CUBE-AZRTOS-F7.1.1.0
2024-04-16 02:05:23,266 [WARN] PackLoader:240 - Cannot read IP mode file for STMicroelectronics.FP-SNS-FLIGHT1.5.0.2
2024-04-16 02:05:23,335 [WARN] PackLoader:240 - Cannot read IP mode file for STMicroelectronics.X-CUBE-DISPLAY.3.0.0
2024-04-16 02:05:23,397 [WARN] PackLoader:240 - Cannot read IP mode file for STMicroelectronics.X-CUBE-BLE1.7.0.0
2024-04-16 02:05:23,421 [WARN] PackLoader:240 - Cannot read IP mode file for emotas.I-CUBE-CANOPEN.1.3.0
2024-04-16 02:05:23,475 [WARN] PackLoader:240 - Cannot read IP mode file for STMicroelectronics.X-CUBE-BLEMGR.3.1.0
2024-04-16 02:05:23,511 [WARN] PackLoader:240 - Cannot read IP mode file for STMicroelectronics.FP-SNS-SMARTAG2.1.2.0
2024-04-16 02:05:23,543 [INFO] LogOutputStream:77 - [STDOUT_REDIRECT] 1 : Invalid condition id : UX_CORESTACK_Condition cause : null
2024-04-16 02:05:23,553 [INFO] LogOutputStream:77 - [STDOUT_REDIRECT] 1 : Invalid condition id : UX_CORESTACK_Condition cause : null
2024-04-16 02:05:23,553 [INFO] LogOutputStream:77 - [STDOUT_REDIRECT] 1 : Invalid condition id : UX_CORESTACK_Condition cause : null
2024-04-16 02:05:23,553 [INFO] LogOutputStream:77 - [STDOUT_REDIRECT] 1 : Invalid condition id : UX_CORESTACK_Condition cause : null
2024-04-16 02:05:23,553 [INFO] LogOutputStream:77 - [STDOUT_REDIRECT] 1 : Invalid condition id : UX_CORESTACK_Condition cause : null
2024-04-16 02:05:23,559 [WARN] PackLoader:240 - Cannot read IP mode file for STMicroelectronics.X-CUBE-AZRTOS-WL.2.0.0
2024-04-16 02:05:23,568 [WARN] PackLoader:240 - Cannot read IP mode file for STMicroelectronics.FP-SNS-MOTENV1.5.0.0
2024-04-16 02:05:23,595 [WARN] PackLoader:240 - Cannot read IP mode file for WES.I-CUBE-Cesium.1.3.0
2024-04-16 02:05:23,612 [WARN] PackLoader:240 - Cannot read IP mode file for STMicroelectronics.X-CUBE-BLE2.3.3.0
2024-04-16 02:05:23,626 [WARN] PackLoader:240 - Cannot read IP mode file for STMicroelectronics.X-CUBE-TCPP.4.1.0
2024-04-16 02:05:23,667 [WARN] PackLoader:240 - Cannot read IP mode file for STMicroelectronics.X-CUBE-ALGOBUILD.1.3.0
2024-04-16 02:05:23,720 [WARN] PackLoader:240 - Cannot read IP mode file for STMicroelectronics.X-CUBE-AZRTOS-G0.1.1.0
2024-04-16 02:05:23,792 [WARN] PackLoader:240 - Cannot read IP mode file for STMicroelectronics.X-CUBE-SAFEA1.1.2.2
2024-04-16 02:05:23,828 [WARN] PackLoader:240 - Cannot read IP mode file for STMicroelectronics.X-CUBE-NFC4.3.0.0
2024-04-16 02:05:23,842 [WARN] PackLoader:240 - Cannot read IP mode file for wolfSSL.I-CUBE-wolfSSL.5.7.0
2024-04-16 02:05:23,845 [WARN] PackLoader:240 - Cannot read IP mode file for STMicroelectronics.FP-ATR-SIGFOX1.3.2.0
2024-04-16 02:05:23,853 [WARN] PackLoader:240 - Cannot read IP mode file for STMicroelectronics.X-CUBE-EEPRMA1.5.1.0
2024-04-16 02:05:23,866 [WARN] PackLoader:240 - Cannot read IP mode file for ITTIA_DB.I-CUBE-ITTIADB.8.9.0
2024-04-16 02:05:23,941 [WARN] PackLoader:240 - Cannot read IP mode file for SEGGER.I-CUBE-embOS.1.3.1
2024-04-16 02:05:24,016 [WARN] PackLoader:240 - Cannot read IP mode file for STMicroelectronics.X-CUBE-GNSS1.6.0.0
2024-04-16 02:05:24,063 [WARN] PackLoader:240 - Cannot read IP mode file for STMicroelectronics.X-CUBE-AZRTOS-F4.1.1.0
2024-04-16 02:05:24,098 [WARN] PackLoader:240 - Cannot read IP mode file for STMicroelectronics.X-CUBE-AZRTOS-L5.2.0.0
2024-04-16 02:05:24,123 [WARN] PackLoader:240 - Cannot read IP mode file for STMicroelectronics.X-CUBE-NFC6.3.1.0
2024-04-16 02:05:24,142 [WARN] PackLoader:240 - Cannot read IP mode file for STMicroelectronics.X-CUBE-NFC7.1.0.1
2024-04-16 02:05:24,156 [WARN] PackLoader:240 - Cannot read IP mode file for STMicroelectronics.X-CUBE-AI.8.1.0
2024-04-16 02:05:24,181 [WARN] ConditionMgr:438 - getConditionDescription Invalid condition id : LAN8742 Phy interface Condition cause : null
2024-04-16 02:05:24,183 [WARN] PackLoader:240 - Cannot read IP mode file for STMicroelectronics.X-CUBE-AZRTOS-L4.2.0.0
2024-04-16 02:05:24,189 [WARN] ConditionMgr:1039 - genDependencies : Invalid condition id : LAN8742 Phy interface Condition cause : null
2024-04-16 02:05:24,190 [WARN] ConditionMgr:1039 - genDependencies : Invalid condition id : LAN8742 Phy interface Condition cause : null
2024-04-16 02:05:24,191 [WARN] ConditionMgr:1039 - genDependencies : Invalid condition id : LAN8742 Phy interface Condition cause : null
2024-04-16 02:05:24,200 [WARN] PackLoader:240 - Cannot read IP mode file for STMicroelectronics.X-CUBE-SFXS2LP1.4.0.0
2024-04-16 02:05:24,230 [WARN] ConditionMgr:438 - getConditionDescription Invalid condition id : UX DEVICE CLASS RTOS Condition cause : null
2024-04-16 02:05:24,230 [WARN] ConditionMgr:438 - getConditionDescription Invalid condition id : UX DEVICE CLASS RTOS Condition cause : null
2024-04-16 02:05:24,234 [WARN] PackLoader:240 - Cannot read IP mode file for STMicroelectronics.X-CUBE-AZRTOS-WB.2.0.0
2024-04-16 02:05:24,242 [WARN] ConditionMgr:1039 - genDependencies : Invalid condition id : UX DEVICE CLASS RTOS Condition cause : null
2024-04-16 02:05:24,242 [WARN] ConditionMgr:1039 - genDependencies : Invalid condition id : UX DEVICE CLASS RTOS Condition cause : null
2024-04-16 02:05:24,243 [WARN] ConditionMgr:1039 - genDependencies : Invalid condition id : UX DEVICE CLASS RTOS Condition cause : null
2024-04-16 02:05:24,244 [WARN] ConditionMgr:1039 - genDependencies : Invalid condition id : UX DEVICE CLASS RTOS Condition cause : null
2024-04-16 02:05:24,244 [WARN] ConditionMgr:1039 - genDependencies : Invalid condition id : UX DEVICE CLASS RTOS Condition cause : null
2024-04-16 02:05:24,323 [WARN] PackLoader:240 - Cannot read IP mode file for STMicroelectronics.X-CUBE-SUBG2.5.0.0
2024-04-16 02:05:24,403 [WARN] PackLoader:240 - Cannot read IP mode file for STMicroelectronics.X-CUBE-AZRTOS-G4.2.0.0
2024-04-16 02:05:24,410 [WARN] PackLoader:240 - Cannot read IP mode file for STMicroelectronics.FP-SNS-MOTENVWB1.1.3.1
2024-04-16 02:05:24,418 [WARN] PackLoader:240 - Cannot read IP mode file for STMicroelectronics.X-CUBE-ISPU.2.0.0
2024-04-16 02:05:24,480 [WARN] PackLoader:240 - Cannot read IP mode file for STMicroelectronics.X-CUBE-MEMS1.10.0.0
2024-04-16 02:05:24,612 [WARN] PackLoader:240 - Cannot read IP mode file for STMicroelectronics.X-CUBE-FREERTOS.1.1.0
2024-04-16 02:05:24,621 [WARN] PackLoader:240 - Cannot read IP mode file for portGmbH.I-Cube-SoM-uGOAL.1.1.0
2024-04-16 02:05:24,629 [WARN] PackLoader:240 - Cannot read IP mode file for STMicroelectronics.X-CUBE-ALS.1.0.1
2024-04-16 02:05:24,634 [WARN] PackLoader:240 - Cannot read IP mode file for STMicroelectronics.FP-ATR-ASTRA1.2.0.0
2024-04-16 02:05:24,648 [WARN] PackLoader:240 - Cannot read IP mode file for STMicroelectronics.X-CUBE-TOF1.3.4.1
2024-04-16 02:05:24,681 [WARN] PackLoader:240 - Cannot read IP mode file for STMicroelectronics.X-CUBE-AZRTOS-H7.3.2.0
2024-04-16 02:05:24,703 [WARN] PackLoader:240 - Cannot read IP mode file for Infineon.AIROC-Wi-Fi-Bluetooth-STM32.1.6.0
2024-04-16 02:05:24,713 [INFO] ThirdParty:978 - Integrity check success = true
2024-04-16 02:05:24,713 [INFO] IntegrityCheckThread:100 - exiting critical section [integrity check]
2024-04-16 02:05:24,714 [INFO] IntegrityCheckThread:103 - End integrity checks thread
2024-04-16 02:05:26,754 [INFO] WebApp:161 - Instantiating new browser for Auth
2024-04-16 02:05:27,931 [INFO] WebApp:779 - Register for checkConnection events
2024-04-16 02:05:27,936 [INFO] WebApp:414 - Apply proxy settings
2024-04-16 02:05:27,965 [INFO] WebApp:459 - Chromium authenticates against Manually configured proxy
2024-04-16 02:05:27,982 [INFO] WebApp:467 - Username used for proxy authentication: 
2024-04-16 02:05:28,131 [INFO] WebApp:192 - Starting web application
2024-04-16 02:05:28,132 [INFO] WebApp:544 - Web application path used /Applications/STM32CubeIDE.app/Contents/Eclipse/plugins/com.st.stm32cube.common.mx_6.11.0.202403141607/db/plugins/mcufinder/reactClient1/index.html
