2024-04-11 19:17:45,428 [INFO] Activator:176 - 


2024-04-11 19:17:45,438 [INFO] Activator:177 - !SESSION log4j initialized
2024-04-11 19:17:50,577 [INFO] LogOutputStream:77 - [STDOUT_REDIRECT] 
2024-04-11 19:17:51,947 [ERROR] LogOutputStream:75 - [STDERR_REDIRECT] 
2024-04-11 19:17:58,206 [ERROR] LogOutputStream:75 - [STDERR_REDIRECT] [Fatal Error] :2:10: DOCTYPE is disallowed when the feature "http://apache.org/xml/features/disallow-doctype-decl" set to true.
2024-04-11 19:17:58,210 [ERROR] LogOutputStream:75 - [STDERR_REDIRECT] 
2024-04-11 19:17:58,285 [INFO] LogOutputStream:77 - [STDOUT_REDIRECT] 
2024-04-11 19:18:01,124 [INFO] ApplicationProperties:184 - Using Application install path: /Applications/STM32CubeIDE.app/Contents/Eclipse/plugins/com.st.stm32cube.common.mx_6.11.0.202403141607
2024-04-11 19:18:01,156 [INFO] DbMcusXml:78 - Set database path to: /Applications/STM32CubeIDE.app/Contents/Eclipse/plugins/com.st.stm32cube.common.mx_6.11.0.202403141607//db//mcu/
2024-04-11 19:18:01,157 [INFO] ApiDb:274 - Set plugin database path to: /Applications/STM32CubeIDE.app/Contents/Eclipse/plugins/com.st.stm32cube.common.mx_6.11.0.202403141607//db//plugins/boardmanager/
2024-04-11 19:18:01,158 [WARN] ApiDb:259 - Overriding images path with different value:  => /Applications/STM32CubeIDE.app/Contents/Eclipse/plugins/com.st.stm32cube.common.mx_6.11.0.202403141607//db//plugins/mcufinder/images/
2024-04-11 19:18:01,173 [INFO] ApiDb:250 - Set database path to: /Users/zawad/.stmcufinder/plugins/mcufinder//mcu/
2024-04-11 19:18:01,175 [INFO] DbMcusAds:125 - Set database path to: /Users/zawad/.stmcufinder/plugins/mcufinder//mcu/
2024-04-11 19:18:01,178 [INFO] CrossReferenceDbSqlite:203 - Set database path to: /Users/zawad/.stmcufinder/plugins/mcufinder//mcu/cs/
2024-04-11 19:18:01,485 [INFO] RulesReader:64 - Compatibility file has been processed (297 Rules)
2024-04-11 19:18:01,613 [INFO] DbMcusXml:78 - Set database path to: /Applications/STM32CubeIDE.app/Contents/Eclipse/plugins/com.st.stm32cube.common.mx_6.11.0.202403141607//db//mcu/
2024-04-11 19:18:01,614 [INFO] ApiDb:274 - Set plugin database path to: /Applications/STM32CubeIDE.app/Contents/Eclipse/plugins/com.st.stm32cube.common.mx_6.11.0.202403141607//db//plugins/boardmanager/
2024-04-11 19:18:01,616 [INFO] ApiDb:261 - Set plugin images path to: /Applications/STM32CubeIDE.app/Contents/Eclipse/plugins/com.st.stm32cube.common.mx_6.11.0.202403141607//db//plugins/mcufinder/images/
2024-04-11 19:18:01,618 [WARN] DbFile:41 - Overriding database path with different value: /Users/zawad/.stmcufinder/plugins/mcufinder/ => /Users/zawad/.stmcufinder/plugins/mcufinder
2024-04-11 19:18:01,619 [INFO] ApiDb:250 - Set database path to: /Users/zawad/.stmcufinder/plugins/mcufinder//mcu/
2024-04-11 19:18:01,619 [WARN] DbFile:41 - Overriding database path with different value: /Users/zawad/.stmcufinder/plugins/mcufinder/ => /Users/zawad/.stmcufinder/plugins/mcufinder
2024-04-11 19:18:01,619 [INFO] DbMcusAds:125 - Set database path to: /Users/zawad/.stmcufinder/plugins/mcufinder//mcu/
2024-04-11 19:18:01,619 [WARN] DbFile:41 - Overriding database path with different value: /Users/zawad/.stmcufinder/plugins/mcufinder/ => /Users/zawad/.stmcufinder/plugins/mcufinder
2024-04-11 19:18:01,619 [WARN] DbFile:41 - Overriding database path with different value: /Users/zawad/.stmcufinder/plugins/mcufinder/ => /Users/zawad/.stmcufinder/plugins/mcufinder
2024-04-11 19:18:01,619 [INFO] CrossReferenceDbSqlite:203 - Set database path to: /Users/zawad/.stmcufinder/plugins/mcufinder//mcu/cs/
2024-04-11 19:18:01,751 [INFO] MainPanel:264 - HeapMemory: 426770432
2024-04-11 19:18:01,863 [INFO] DbMcusXml:78 - Set database path to: /Applications/STM32CubeIDE.app/Contents/Eclipse/plugins/com.st.stm32cube.common.mx_6.11.0.202403141607//db//mcu/
2024-04-11 19:18:01,863 [INFO] ApiDb:274 - Set plugin database path to: /Applications/STM32CubeIDE.app/Contents/Eclipse/plugins/com.st.stm32cube.common.mx_6.11.0.202403141607//db//plugins/boardmanager/
2024-04-11 19:18:01,864 [INFO] ApiDb:261 - Set plugin images path to: /Applications/STM32CubeIDE.app/Contents/Eclipse/plugins/com.st.stm32cube.common.mx_6.11.0.202403141607//db//plugins/mcufinder/images/
2024-04-11 19:18:01,865 [WARN] DbFile:41 - Overriding database path with different value: /Users/zawad/.stmcufinder/plugins/mcufinder/ => /Users/zawad/.stmcufinder/plugins/mcufinder
2024-04-11 19:18:01,865 [INFO] ApiDb:250 - Set database path to: /Users/zawad/.stmcufinder/plugins/mcufinder//mcu/
2024-04-11 19:18:01,865 [WARN] DbFile:41 - Overriding database path with different value: /Users/zawad/.stmcufinder/plugins/mcufinder/ => /Users/zawad/.stmcufinder/plugins/mcufinder
2024-04-11 19:18:01,865 [INFO] DbMcusAds:125 - Set database path to: /Users/zawad/.stmcufinder/plugins/mcufinder//mcu/
2024-04-11 19:18:01,865 [WARN] DbFile:41 - Overriding database path with different value: /Users/zawad/.stmcufinder/plugins/mcufinder/ => /Users/zawad/.stmcufinder/plugins/mcufinder
2024-04-11 19:18:01,865 [WARN] DbFile:41 - Overriding database path with different value: /Users/zawad/.stmcufinder/plugins/mcufinder/ => /Users/zawad/.stmcufinder/plugins/mcufinder
2024-04-11 19:18:01,865 [INFO] CrossReferenceDbSqlite:203 - Set database path to: /Users/zawad/.stmcufinder/plugins/mcufinder//mcu/cs/
2024-04-11 19:18:01,889 [INFO] ApplicationProperties:184 - Using Application install path: /Applications/STM32CubeIDE.app/Contents/Eclipse/plugins/com.st.stm32cube.common.mx_6.11.0.202403141607
2024-04-11 19:18:01,890 [INFO] PluginManage:196 - Search for loadable plugins [exclusion list=, ]
2024-04-11 19:18:01,893 [INFO] PluginManage:310 - Check plugin analytics
2024-04-11 19:18:02,102 [INFO] AnalyticsPlugin:253 - Accepted Software Licenses: 
2024-04-11 19:18:02,103 [INFO] AnalyticsPlugin:255 - Accepted CMSIS Pack Licenses: 
2024-04-11 19:18:02,103 [INFO] AnalyticsPlugin:257 - Accepted Firmware Licenses: FW.L4.1.18.0
2024-04-11 19:18:02,118 [INFO] PluginManage:359 - Loaded plugin analytics (category:tool,tabindex:-1)
2024-04-11 19:18:02,121 [INFO] PluginManage:310 - Check plugin cadmodel
2024-04-11 19:18:02,552 [INFO] CADModel:105 - Init CAD model plugin
2024-04-11 19:18:02,552 [INFO] PluginManage:359 - Loaded plugin cadmodel (category:power,tabindex:5)
2024-04-11 19:18:02,553 [INFO] PluginManage:310 - Check plugin clock
2024-04-11 19:18:02,570 [INFO] PluginManage:359 - Loaded plugin clock (category:base,tabindex:2)
2024-04-11 19:18:02,570 [INFO] PluginManage:310 - Check plugin ddr
2024-04-11 19:18:02,572 [INFO] PluginManage:359 - Loaded plugin ddr (category:tool,tabindex:6)
2024-04-11 19:18:02,572 [INFO] PluginManage:310 - Check plugin filemanager
2024-04-11 19:18:02,743 [INFO] PluginManage:359 - Loaded plugin filemanager (category:base,tabindex:10)
2024-04-11 19:18:02,743 [INFO] PluginManage:310 - Check plugin ipmanager
2024-04-11 19:18:02,756 [INFO] PluginManage:359 - Loaded plugin ipmanager (category:base,tabindex:5)
2024-04-11 19:18:02,757 [INFO] PluginManage:310 - Check plugin lpbam
2024-04-11 19:18:02,771 [INFO] PluginManage:359 - Loaded plugin lpbam (category:base,tabindex:0)
2024-04-11 19:18:02,771 [INFO] PluginManage:310 - Check plugin memorymap
2024-04-11 19:18:02,783 [INFO] PluginManage:359 - Loaded plugin memorymap (category:base,tabindex:4)
2024-04-11 19:18:02,783 [INFO] PluginManage:310 - Check plugin pinoutandconfiguration
2024-04-11 19:18:02,790 [INFO] PluginManage:359 - Loaded plugin pinoutandconfiguration (category:base,tabindex:1)
2024-04-11 19:18:02,790 [INFO] PluginManage:310 - Check plugin pinoutconfig
2024-04-11 19:18:02,898 [WARN] SupportedApi:132 - Cannot load RTOS API schema: s4s-elt-must-match.1: The content of 'definitions' must match (annotation?, (simpleType | complexType)?, (unique | key | keyref)*)). A problem was found starting at: attribute.
2024-04-11 19:18:03,081 [INFO] PluginManage:359 - Loaded plugin pinoutconfig (category:base,tabindex:0)
2024-04-11 19:18:03,081 [INFO] PluginManage:310 - Check plugin power
2024-04-11 19:18:03,096 [INFO] PluginManage:359 - Loaded plugin power (category:power,tabindex:4)
2024-04-11 19:18:03,096 [INFO] PluginManage:310 - Check plugin projectmanager
2024-04-11 19:18:03,126 [INFO] PluginManage:359 - Loaded plugin projectmanager (category:projectmanager,tabindex:3)
2024-04-11 19:18:03,126 [INFO] PluginManage:310 - Check plugin thirdparty
2024-04-11 19:18:03,286 [INFO] PluginManage:359 - Loaded plugin thirdparty (category:base,tabindex:-1)
2024-04-11 19:18:03,287 [INFO] PluginManage:310 - Check plugin tools
2024-04-11 19:18:03,286 [WARN] IntegrityCheckThread:84 - waiting for thirdparty lock release [integrity check]
2024-04-11 19:18:03,287 [INFO] IntegrityCheckThread:86 - entering critical section [integrity check]
2024-04-11 19:18:03,289 [INFO] ThirdPartyUpdaterWithRetryManager:70 - Updater plugin not ready yet. [1/15]
2024-04-11 19:18:03,290 [INFO] PluginManage:359 - Loaded plugin tools (category:base,tabindex:7)
2024-04-11 19:18:03,290 [INFO] PluginManage:310 - Check plugin tutovideos
2024-04-11 19:18:03,448 [INFO] PluginManage:359 - Loaded plugin tutovideos (category:base,tabindex:-1)
2024-04-11 19:18:03,449 [INFO] PluginManage:310 - Check plugin updater
2024-04-11 19:18:03,461 [INFO] PluginManage:359 - Loaded plugin updater (category:base,tabindex:12)
2024-04-11 19:18:03,461 [INFO] PluginManage:310 - Check plugin userauth
2024-04-11 19:18:03,467 [INFO] UserAuth:114 - Init User Auth plugin
2024-04-11 19:18:03,467 [INFO] PluginManage:359 - Loaded plugin userauth (category:base,tabindex:14)
2024-04-11 19:18:03,467 [INFO] PluginManage:283 - PluginManage : Loaded plugins [17]
2024-04-11 19:18:03,780 [INFO] PinOutPanel:1561 - setPackage(No Configuration,No Configuration)
2024-04-11 19:18:03,872 [INFO] CADModel:165 - CPN selected for project level
2024-04-11 19:18:03,872 [INFO] CADModel:114 - Register for checkConnection events
2024-04-11 19:18:03,886 [INFO] IPUIPlugin:80 - create IPUIPlugin
2024-04-11 19:18:03,886 [INFO] PluginManager:220 - loadIPPluginJar : add mdma
2024-04-11 19:18:03,893 [INFO] IPUIPlugin:80 - create IPUIPlugin
2024-04-11 19:18:03,893 [INFO] PluginManager:220 - loadIPPluginJar : add freertos
2024-04-11 19:18:03,897 [INFO] IPUIPlugin:80 - create IPUIPlugin
2024-04-11 19:18:03,897 [INFO] PluginManager:220 - loadIPPluginJar : add gic
2024-04-11 19:18:03,904 [INFO] IPUIPlugin:80 - create IPUIPlugin
2024-04-11 19:18:03,904 [INFO] PluginManager:220 - loadIPPluginJar : add adc
2024-04-11 19:18:03,907 [INFO] IPUIPlugin:80 - create IPUIPlugin
2024-04-11 19:18:03,907 [INFO] PluginManager:220 - loadIPPluginJar : add gtzc
2024-04-11 19:18:03,909 [INFO] IPUIPlugin:80 - create IPUIPlugin
2024-04-11 19:18:03,909 [INFO] PluginManager:220 - loadIPPluginJar : add quadspi
2024-04-11 19:18:03,910 [INFO] IPUIPlugin:80 - create IPUIPlugin
2024-04-11 19:18:03,910 [INFO] PluginManager:220 - loadIPPluginJar : add aes
2024-04-11 19:18:03,912 [INFO] IPUIPlugin:80 - create IPUIPlugin
2024-04-11 19:18:03,912 [INFO] PluginManager:220 - loadIPPluginJar : add pdm2pcm
2024-04-11 19:18:03,913 [INFO] IPUIPlugin:80 - create IPUIPlugin
2024-04-11 19:18:03,913 [INFO] PluginManager:220 - loadIPPluginJar : add hash
2024-04-11 19:18:03,914 [INFO] IPUIPlugin:80 - create IPUIPlugin
2024-04-11 19:18:03,915 [INFO] PluginManager:220 - loadIPPluginJar : add tim
2024-04-11 19:18:03,915 [INFO] IPUIPlugin:80 - create IPUIPlugin
2024-04-11 19:18:03,915 [INFO] PluginManager:220 - loadIPPluginJar : add tsc
2024-04-11 19:18:03,917 [INFO] IPUIPlugin:80 - create IPUIPlugin
2024-04-11 19:18:03,917 [INFO] PluginManager:220 - loadIPPluginJar : add extmemmanager
2024-04-11 19:18:03,918 [INFO] IPUIPlugin:80 - create IPUIPlugin
2024-04-11 19:18:03,918 [INFO] PluginManager:220 - loadIPPluginJar : add ts
2024-04-11 19:18:03,921 [INFO] IPUIPlugin:80 - create IPUIPlugin
2024-04-11 19:18:03,921 [INFO] PluginManager:220 - loadIPPluginJar : add can
2024-04-11 19:18:03,923 [INFO] IPUIPlugin:80 - create IPUIPlugin
2024-04-11 19:18:03,923 [INFO] PluginManager:220 - loadIPPluginJar : add dma3
2024-04-11 19:18:03,924 [INFO] IPUIPlugin:80 - create IPUIPlugin
2024-04-11 19:18:03,924 [INFO] PluginManager:220 - loadIPPluginJar : add dfsdm
2024-04-11 19:18:03,926 [INFO] IPUIPlugin:80 - create IPUIPlugin
2024-04-11 19:18:03,926 [INFO] PluginManager:220 - loadIPPluginJar : add spi
2024-04-11 19:18:03,927 [INFO] IPUIPlugin:80 - create IPUIPlugin
2024-04-11 19:18:03,927 [INFO] PluginManager:220 - loadIPPluginJar : add gfxmmu
2024-04-11 19:18:03,928 [INFO] IPUIPlugin:80 - create IPUIPlugin
2024-04-11 19:18:03,928 [INFO] PluginManager:220 - loadIPPluginJar : add genericplugin
2024-04-11 19:18:03,930 [INFO] IPUIPlugin:80 - create IPUIPlugin
2024-04-11 19:18:03,930 [INFO] PluginManager:220 - loadIPPluginJar : add cryp
2024-04-11 19:18:03,934 [INFO] IPUIPlugin:80 - create IPUIPlugin
2024-04-11 19:18:03,934 [INFO] PluginManager:220 - loadIPPluginJar : add gpio
2024-04-11 19:18:03,935 [INFO] IPUIPlugin:80 - create IPUIPlugin
2024-04-11 19:18:03,936 [INFO] PluginManager:220 - loadIPPluginJar : add comp
2024-04-11 19:18:03,938 [INFO] IPUIPlugin:80 - create IPUIPlugin
2024-04-11 19:18:03,939 [INFO] PluginManager:220 - loadIPPluginJar : add tracer_emb
2024-04-11 19:18:03,941 [INFO] IPUIPlugin:80 - create IPUIPlugin
2024-04-11 19:18:03,942 [INFO] PluginManager:220 - loadIPPluginJar : add openamp
2024-04-11 19:18:03,945 [INFO] IPUIPlugin:80 - create IPUIPlugin
2024-04-11 19:18:03,945 [INFO] PluginManager:220 - loadIPPluginJar : add stm32_wpan
2024-04-11 19:18:03,951 [INFO] IPUIPlugin:80 - create IPUIPlugin
2024-04-11 19:18:03,955 [INFO] PluginManager:220 - loadIPPluginJar : add plateformsettings
2024-04-11 19:18:03,962 [INFO] IPUIPlugin:80 - create IPUIPlugin
2024-04-11 19:18:03,962 [INFO] PluginManager:220 - loadIPPluginJar : add ipddr
2024-04-11 19:18:03,967 [INFO] IPUIPlugin:80 - create IPUIPlugin
2024-04-11 19:18:03,967 [INFO] PluginManager:220 - loadIPPluginJar : add usart
2024-04-11 19:18:03,969 [INFO] IPUIPlugin:80 - create IPUIPlugin
2024-04-11 19:18:03,969 [INFO] PluginManager:220 - loadIPPluginJar : add ltdc
2024-04-11 19:18:03,972 [INFO] IPUIPlugin:80 - create IPUIPlugin
2024-04-11 19:18:03,972 [INFO] PluginManager:220 - loadIPPluginJar : add nvic
2024-04-11 19:18:03,973 [INFO] IPUIPlugin:80 - create IPUIPlugin
2024-04-11 19:18:03,973 [INFO] PluginManager:220 - loadIPPluginJar : add fatfs
2024-04-11 19:18:03,978 [INFO] IPUIPlugin:80 - create IPUIPlugin
2024-04-11 19:18:03,979 [INFO] PluginManager:220 - loadIPPluginJar : add linkedlist
2024-04-11 19:18:03,983 [INFO] IPUIPlugin:80 - create IPUIPlugin
2024-04-11 19:18:03,983 [INFO] PluginManager:220 - loadIPPluginJar : add dma
2024-04-11 19:18:03,986 [INFO] IPUIPlugin:80 - create IPUIPlugin
2024-04-11 19:18:03,986 [INFO] PluginManager:220 - loadIPPluginJar : add fmc
2024-04-11 19:18:03,987 [INFO] IPUIPlugin:80 - create IPUIPlugin
2024-04-11 19:18:03,988 [INFO] PluginManager:220 - loadIPPluginJar : add i2s
2024-04-11 19:18:03,989 [INFO] IPUIPlugin:80 - create IPUIPlugin
2024-04-11 19:18:03,989 [INFO] PluginManager:220 - loadIPPluginJar : add ucpd
2024-04-11 19:18:03,990 [INFO] IPUIPlugin:80 - create IPUIPlugin
2024-04-11 19:18:03,990 [INFO] PluginManager:220 - loadIPPluginJar : add lorawan
2024-04-11 19:18:03,992 [INFO] IPUIPlugin:80 - create IPUIPlugin
2024-04-11 19:18:03,992 [INFO] PluginManager:220 - loadIPPluginJar : add opamp
2024-04-11 19:18:03,994 [INFO] IPUIPlugin:80 - create IPUIPlugin
2024-04-11 19:18:03,994 [INFO] PluginManager:220 - loadIPPluginJar : add i3c
2024-04-11 19:18:03,996 [INFO] IPUIPlugin:80 - create IPUIPlugin
2024-04-11 19:18:03,999 [INFO] PluginManager:220 - loadIPPluginJar : add touchsensing
2024-04-11 19:18:04,000 [INFO] IPUIPlugin:80 - create IPUIPlugin
2024-04-11 19:18:04,000 [INFO] PluginManager:220 - loadIPPluginJar : add i2c
2024-04-11 19:18:04,003 [INFO] IPUIPlugin:80 - create IPUIPlugin
2024-04-11 19:18:04,003 [INFO] PluginManager:220 - loadIPPluginJar : add resmgrutility
2024-04-11 19:18:04,005 [INFO] IPUIPlugin:80 - create IPUIPlugin
2024-04-11 19:18:04,006 [INFO] PluginManager:220 - loadIPPluginJar : add sai
2024-04-11 19:18:04,008 [INFO] IPUIPlugin:80 - create IPUIPlugin
2024-04-11 19:18:04,008 [INFO] PluginManager:220 - loadIPPluginJar : add usbx
2024-04-11 19:18:04,134 [INFO] CADModel:165 - CPN selected for project level
2024-04-11 19:18:04,134 [INFO] CADModel:114 - Register for checkConnection events
2024-04-11 19:18:04,134 [FATAL] Updater:308 - Updater called before beeing initialized
2024-04-11 19:18:04,134 [ERROR] CADModel:125 - Updater not yet initialized, retry later 
2024-04-11 19:18:04,446 [INFO] CADModel:165 - CPN selected for project level
2024-04-11 19:18:04,448 [INFO] CADModel:114 - Register for checkConnection events
2024-04-11 19:18:04,448 [FATAL] Updater:308 - Updater called before beeing initialized
2024-04-11 19:18:04,448 [ERROR] CADModel:125 - Updater not yet initialized, retry later 
2024-04-11 19:18:04,451 [FATAL] Updater:308 - Updater called before beeing initialized
2024-04-11 19:18:04,768 [FATAL] Updater:308 - Updater called before beeing initialized
2024-04-11 19:18:04,778 [INFO] DbMcusAds:53 - JSON generation date=Wed Nov 29 05:52:27 EST 2023 (1701255147349)
2024-04-11 19:18:04,778 [FATAL] Updater:308 - Updater called before beeing initialized
2024-04-11 19:18:04,848 [WARN] DetailPanel:346 - Failed to get advertising image, set to default
2024-04-11 19:18:04,927 [FATAL] Updater:308 - Updater called before beeing initialized
2024-04-11 19:18:04,929 [FATAL] Updater:308 - Updater called before beeing initialized
2024-04-11 19:18:04,930 [FATAL] Updater:308 - Updater called before beeing initialized
2024-04-11 19:18:04,931 [WARN] DetailPanel:346 - Failed to get advertising image, set to default
2024-04-11 19:18:04,935 [FATAL] Updater:308 - Updater called before beeing initialized
2024-04-11 19:18:05,039 [ERROR] Updater:1120 - MainUpdater not yet initialized. External WinMGr cannot be set.
2024-04-11 19:18:05,049 [INFO] Updater:1056 - Updater Version found : 6.11.0
2024-04-11 19:18:05,069 [INFO] ApplicationProperties:184 - Using Application install path: /Applications/STM32CubeIDE.app/Contents/Eclipse/plugins/com.st.stm32cube.common.mx_6.11.0.202403141607
2024-04-11 19:18:05,440 [INFO] MainUpdater:2873 - connection check result : 10
2024-04-11 19:18:05,440 [INFO] MainUpdater:3567 - Updater definition file requires update
2024-04-11 19:18:05,441 [INFO] MainUpdater:290 - Updater Check For Update Now.
2024-04-11 19:18:05,442 [INFO] MicroXplorer:498 - Change Database Version : DB.6.0.110
2024-04-11 19:18:05,449 [INFO] McuFinderGlobals:63 - Set McuFinder mode to 2 (CubeIDE integrated)
2024-04-11 19:18:05,449 [INFO] UserAuth:179 - activating auth plugin
2024-04-11 19:18:05,457 [INFO] UserAuth:415 - Internet connection configuration mode: 1
2024-04-11 19:18:05,474 [INFO] JxBrowserEngine:152 - Initiate JxBrowser Engine with user profile folder
2024-04-11 19:18:05,502 [INFO] ServerAccessManage:473 - Download File updaters.zip
2024-04-11 19:18:05,645 [INFO] FileExtend:240 - Unzip File : updaters.zip
2024-04-11 19:18:05,646 [INFO] FileExtend:255 - Standard Zip Deflate
2024-04-11 19:18:06,048 [INFO] ServerAccessManage:473 - Download File PacksControlFlags.xml
2024-04-11 19:18:06,209 [INFO] ServerAccessManage:473 - Download File cubemx.pidx
2024-04-11 19:18:06,301 [WARN] MainUpdater:1194 - Updater busy. Cannot search thirdparties
2024-04-11 19:18:06,302 [INFO] ThirdPartyUpdaterWithRetryManager:96 - Updater plugin is busy. [1/15]
2024-04-11 19:18:08,367 [INFO] ServerAccessManage:473 - Download File STMicroelectronics.X-CUBE-TCPP.pdsc
2024-04-11 19:18:09,167 [WARN] PackLoader:240 - Cannot read IP mode file for STMicroelectronics.X-CUBE-TCPP.4.1.0
2024-04-11 19:18:09,205 [INFO] PopulateThirdPartyThread:66 - Ending populate Thread
2024-04-11 19:18:09,210 [INFO] ThirdParty:1030 - CMSIS Pack Vendor :STMicroelectronics X-CUBE-TCPP 4.1.0
2024-04-11 19:18:09,210 [INFO] LoadServerUpdatesThread:375 - End of LoadServerUpdate Thread
2024-04-11 19:18:09,304 [WARN] MainUpdater:1194 - Updater busy. Cannot search thirdparties
2024-04-11 19:18:09,305 [INFO] ThirdPartyUpdaterWithRetryManager:96 - Updater plugin is busy. [2/15]
2024-04-11 19:18:09,354 [INFO] CheckServerUpdateThread:120 - End of CheckServer Thread
2024-04-11 19:18:11,411 [INFO] WebApp:161 - Instantiating new browser for Auth
2024-04-11 19:18:12,513 [WARN] PackLoader:240 - Cannot read IP mode file for STMicroelectronics.X-CUBE-SMBUS.2.1.0
2024-04-11 19:18:12,532 [WARN] PackLoader:240 - Cannot read IP mode file for STMicroelectronics.X-CUBE-TOUCHGFX.4.23.1
2024-04-11 19:18:12,537 [WARN] PackLoader:240 - Cannot read IP mode file for STMicroelectronics.X-CUBE-TOUCHGFX.4.23.2
2024-04-11 19:18:12,635 [WARN] PackLoader:240 - Cannot read IP mode file for STMicroelectronics.X-CUBE-AZRTOS-F7.1.1.0
2024-04-11 19:18:12,700 [WARN] PackLoader:240 - Cannot read IP mode file for STMicroelectronics.FP-SNS-FLIGHT1.5.0.2
2024-04-11 19:18:12,728 [WARN] PackLoader:240 - Cannot read IP mode file for STMicroelectronics.X-CUBE-DISPLAY.3.0.0
2024-04-11 19:18:12,768 [WARN] PackLoader:240 - Cannot read IP mode file for STMicroelectronics.X-CUBE-BLE1.7.0.0
2024-04-11 19:18:12,812 [WARN] PackLoader:240 - Cannot read IP mode file for emotas.I-CUBE-CANOPEN.1.3.0
2024-04-11 19:18:12,851 [WARN] PackLoader:240 - Cannot read IP mode file for STMicroelectronics.X-CUBE-BLEMGR.3.1.0
2024-04-11 19:18:12,881 [WARN] PackLoader:240 - Cannot read IP mode file for STMicroelectronics.FP-SNS-SMARTAG2.1.2.0
2024-04-11 19:18:12,904 [INFO] LogOutputStream:77 - [STDOUT_REDIRECT] 1 : Invalid condition id : UX_CORESTACK_Condition cause : null
2024-04-11 19:18:12,914 [INFO] LogOutputStream:77 - [STDOUT_REDIRECT] 1 : Invalid condition id : UX_CORESTACK_Condition cause : null
2024-04-11 19:18:12,914 [INFO] LogOutputStream:77 - [STDOUT_REDIRECT] 1 : Invalid condition id : UX_CORESTACK_Condition cause : null
2024-04-11 19:18:12,914 [INFO] LogOutputStream:77 - [STDOUT_REDIRECT] 1 : Invalid condition id : UX_CORESTACK_Condition cause : null
2024-04-11 19:18:12,914 [INFO] LogOutputStream:77 - [STDOUT_REDIRECT] 1 : Invalid condition id : UX_CORESTACK_Condition cause : null
2024-04-11 19:18:12,928 [WARN] PackLoader:240 - Cannot read IP mode file for STMicroelectronics.X-CUBE-AZRTOS-WL.2.0.0
2024-04-11 19:18:12,945 [INFO] WebApp:779 - Register for checkConnection events
2024-04-11 19:18:12,945 [INFO] WebApp:414 - Apply proxy settings
2024-04-11 19:18:12,945 [WARN] PackLoader:240 - Cannot read IP mode file for STMicroelectronics.FP-SNS-MOTENV1.5.0.0
2024-04-11 19:18:12,959 [INFO] WebApp:459 - Chromium authenticates against Manually configured proxy
2024-04-11 19:18:12,963 [WARN] PackLoader:240 - Cannot read IP mode file for WES.I-CUBE-Cesium.1.3.0
2024-04-11 19:18:12,986 [INFO] WebApp:467 - Username used for proxy authentication: 
2024-04-11 19:18:13,006 [WARN] PackLoader:240 - Cannot read IP mode file for STMicroelectronics.X-CUBE-BLE2.3.3.0
2024-04-11 19:18:13,016 [WARN] PackLoader:240 - Cannot read IP mode file for STMicroelectronics.X-CUBE-TCPP.4.1.0
2024-04-11 19:18:13,058 [WARN] PackLoader:240 - Cannot read IP mode file for STMicroelectronics.X-CUBE-ALGOBUILD.1.3.0
2024-04-11 19:18:13,113 [WARN] PackLoader:240 - Cannot read IP mode file for STMicroelectronics.X-CUBE-AZRTOS-G0.1.1.0
2024-04-11 19:18:13,144 [WARN] PackLoader:240 - Cannot read IP mode file for STMicroelectronics.X-CUBE-SAFEA1.1.2.2
2024-04-11 19:18:13,162 [WARN] PackLoader:240 - Cannot read IP mode file for STMicroelectronics.X-CUBE-NFC4.3.0.0
2024-04-11 19:18:13,186 [WARN] PackLoader:240 - Cannot read IP mode file for wolfSSL.I-CUBE-wolfSSL.5.7.0
2024-04-11 19:18:13,199 [WARN] PackLoader:240 - Cannot read IP mode file for STMicroelectronics.FP-ATR-SIGFOX1.3.2.0
2024-04-11 19:18:13,200 [INFO] WebApp:192 - Starting web application
2024-04-11 19:18:13,201 [INFO] WebApp:544 - Web application path used /Applications/STM32CubeIDE.app/Contents/Eclipse/plugins/com.st.stm32cube.common.mx_6.11.0.202403141607/db/plugins/mcufinder/reactClient1/index.html
2024-04-11 19:18:13,225 [WARN] PackLoader:240 - Cannot read IP mode file for STMicroelectronics.X-CUBE-EEPRMA1.5.1.0
2024-04-11 19:18:13,263 [WARN] PackLoader:240 - Cannot read IP mode file for ITTIA_DB.I-CUBE-ITTIADB.8.9.0
2024-04-11 19:18:13,407 [WARN] PackLoader:240 - Cannot read IP mode file for SEGGER.I-CUBE-embOS.1.3.1
2024-04-11 19:18:13,501 [WARN] PackLoader:240 - Cannot read IP mode file for STMicroelectronics.X-CUBE-GNSS1.6.0.0
2024-04-11 19:18:13,577 [WARN] PackLoader:240 - Cannot read IP mode file for STMicroelectronics.X-CUBE-AZRTOS-F4.1.1.0
2024-04-11 19:18:13,622 [WARN] PackLoader:240 - Cannot read IP mode file for STMicroelectronics.X-CUBE-AZRTOS-L5.2.0.0
2024-04-11 19:18:13,651 [WARN] PackLoader:240 - Cannot read IP mode file for STMicroelectronics.X-CUBE-NFC6.3.1.0
2024-04-11 19:18:13,670 [WARN] PackLoader:240 - Cannot read IP mode file for STMicroelectronics.X-CUBE-NFC7.1.0.1
2024-04-11 19:18:13,675 [WARN] PackLoader:240 - Cannot read IP mode file for STMicroelectronics.X-CUBE-AI.8.1.0
2024-04-11 19:18:13,702 [WARN] ConditionMgr:438 - getConditionDescription Invalid condition id : LAN8742 Phy interface Condition cause : null
2024-04-11 19:18:13,704 [WARN] PackLoader:240 - Cannot read IP mode file for STMicroelectronics.X-CUBE-AZRTOS-L4.2.0.0
2024-04-11 19:18:13,708 [WARN] ConditionMgr:1039 - genDependencies : Invalid condition id : LAN8742 Phy interface Condition cause : null
2024-04-11 19:18:13,709 [WARN] ConditionMgr:1039 - genDependencies : Invalid condition id : LAN8742 Phy interface Condition cause : null
2024-04-11 19:18:13,710 [WARN] ConditionMgr:1039 - genDependencies : Invalid condition id : LAN8742 Phy interface Condition cause : null
2024-04-11 19:18:13,733 [WARN] PackLoader:240 - Cannot read IP mode file for STMicroelectronics.X-CUBE-SFXS2LP1.4.0.0
2024-04-11 19:18:13,748 [WARN] ConditionMgr:438 - getConditionDescription Invalid condition id : UX DEVICE CLASS RTOS Condition cause : null
2024-04-11 19:18:13,748 [WARN] ConditionMgr:438 - getConditionDescription Invalid condition id : UX DEVICE CLASS RTOS Condition cause : null
2024-04-11 19:18:13,753 [WARN] PackLoader:240 - Cannot read IP mode file for STMicroelectronics.X-CUBE-AZRTOS-WB.2.0.0
2024-04-11 19:18:13,756 [WARN] ConditionMgr:1039 - genDependencies : Invalid condition id : UX DEVICE CLASS RTOS Condition cause : null
2024-04-11 19:18:13,756 [WARN] ConditionMgr:1039 - genDependencies : Invalid condition id : UX DEVICE CLASS RTOS Condition cause : null
2024-04-11 19:18:13,757 [WARN] ConditionMgr:1039 - genDependencies : Invalid condition id : UX DEVICE CLASS RTOS Condition cause : null
2024-04-11 19:18:13,758 [WARN] ConditionMgr:1039 - genDependencies : Invalid condition id : UX DEVICE CLASS RTOS Condition cause : null
2024-04-11 19:18:13,758 [WARN] ConditionMgr:1039 - genDependencies : Invalid condition id : UX DEVICE CLASS RTOS Condition cause : null
2024-04-11 19:18:13,778 [WARN] PackLoader:240 - Cannot read IP mode file for STMicroelectronics.X-CUBE-SUBG2.5.0.0
2024-04-11 19:18:13,802 [WARN] PackLoader:240 - Cannot read IP mode file for STMicroelectronics.X-CUBE-AZRTOS-G4.2.0.0
2024-04-11 19:18:13,815 [WARN] PackLoader:240 - Cannot read IP mode file for STMicroelectronics.FP-SNS-MOTENVWB1.1.3.1
2024-04-11 19:18:13,820 [WARN] PackLoader:240 - Cannot read IP mode file for STMicroelectronics.X-CUBE-ISPU.2.0.0
2024-04-11 19:18:13,921 [WARN] PackLoader:240 - Cannot read IP mode file for STMicroelectronics.X-CUBE-MEMS1.10.0.0
2024-04-11 19:18:14,404 [WARN] PackLoader:240 - Cannot read IP mode file for STMicroelectronics.X-CUBE-FREERTOS.1.1.0
2024-04-11 19:18:14,432 [WARN] PackLoader:240 - Cannot read IP mode file for portGmbH.I-Cube-SoM-uGOAL.1.1.0
2024-04-11 19:18:14,437 [WARN] PackLoader:240 - Cannot read IP mode file for STMicroelectronics.X-CUBE-ALS.1.0.1
2024-04-11 19:18:14,448 [WARN] PackLoader:240 - Cannot read IP mode file for STMicroelectronics.FP-ATR-ASTRA1.2.0.0
2024-04-11 19:18:14,465 [WARN] PackLoader:240 - Cannot read IP mode file for STMicroelectronics.X-CUBE-TOF1.3.4.1
2024-04-11 19:18:14,505 [WARN] PackLoader:240 - Cannot read IP mode file for STMicroelectronics.X-CUBE-AZRTOS-H7.3.2.0
2024-04-11 19:18:14,529 [WARN] PackLoader:240 - Cannot read IP mode file for Infineon.AIROC-Wi-Fi-Bluetooth-STM32.1.6.0
2024-04-11 19:18:14,549 [INFO] ThirdParty:978 - Integrity check success = true
2024-04-11 19:18:14,549 [INFO] IntegrityCheckThread:100 - exiting critical section [integrity check]
2024-04-11 19:18:14,549 [INFO] IntegrityCheckThread:103 - End integrity checks thread
2024-04-11 19:21:20,989 [INFO] McuFinderGlobals:63 - Set McuFinder mode to 2 (CubeIDE integrated)
2024-04-11 19:21:21,029 [INFO] MainUpdater:2873 - connection check result : 10
2024-04-11 19:21:21,031 [INFO] MainUpdater:2873 - connection check result : 10
2024-04-11 19:21:22,777 [INFO] MicroXplorer:468 - Change Database Path : 
2024-04-11 19:21:22,784 [INFO] MicroXplorer:498 - Change Database Version : DB.6.0.110
2024-04-11 19:21:22,795 [WARN] ThirdParty:871 - waiting for thirdparty lock release [close project]
2024-04-11 19:21:22,795 [INFO] ThirdParty:873 - entering critical section [close project]
2024-04-11 19:21:22,806 [INFO] ThirdParty:883 - exiting critical section [close project]
2024-04-11 19:21:22,813 [INFO] PinOutPanel:1561 - setPackage(No Configuration,No Configuration)
2024-04-11 19:21:22,830 [INFO] UtilMem:75 - Begin LoadConfig() Used Memory: 648677048 Bytes (1056964608)
2024-04-11 19:21:22,837 [INFO] MicroXplorer:468 - Change Database Path : 
2024-04-11 19:21:22,837 [INFO] MicroXplorer:498 - Change Database Version : DB.6.0.110
2024-04-11 19:21:22,837 [INFO] OpenFileManager:312 - Change cursor
2024-04-11 19:21:23,076 [INFO] Mcu:2021 - Initializing MCU STM32L4R5ZITxP STM32L4R5ZITxP STM32L4R5ZIT6P
2024-04-11 19:21:31,496 [INFO] Context:663 - Trying to add GPIOservice into a context  which must be forbidden
2024-04-11 19:21:34,433 [INFO] RtosManager:555 - Registered RTOS mode: class=CMSIS, group=RTOS, mode=CMSIS_V1, owner=FREERTOS
2024-04-11 19:21:34,433 [INFO] RtosManager:555 - Registered RTOS mode: class=CMSIS, group=RTOS2, mode=CMSIS_V2, owner=FREERTOS
2024-04-11 19:21:34,433 [INFO] RtosManager:555 - Registered RTOS mode: class=RTOS, group=Core, mode=CMSIS_V1, owner=FREERTOS
2024-04-11 19:21:34,433 [INFO] RtosManager:555 - Registered RTOS mode: class=RTOS, group=Core, mode=CMSIS_V2, owner=FREERTOS
2024-04-11 19:21:34,434 [WARN] ModelIntegratedComponent:184 - Missing modes for component STMicroelectronics:FreeRTOS:0.0.1:STMicroelectronics:RTOS:FreeRTOS:Core:::10.2.0:
2024-04-11 19:21:34,476 [WARN] ModelIntegratedComponent:63 - No mode defined for component null
2024-04-11 19:21:34,479 [WARN] ModelIntegratedComponent:63 - No mode defined for component null
2024-04-11 19:21:34,481 [WARN] ModelIntegratedComponent:63 - No mode defined for component null
2024-04-11 19:21:34,481 [WARN] ModelIntegratedComponent:63 - No mode defined for component null
2024-04-11 19:21:34,481 [WARN] ModelIntegratedComponent:63 - No mode defined for component null
2024-04-11 19:21:34,481 [WARN] ModelIntegratedComponent:63 - No mode defined for component null
2024-04-11 19:21:34,481 [WARN] ModelIntegratedComponent:63 - No mode defined for component null
2024-04-11 19:21:34,482 [WARN] ModelIntegratedComponent:63 - No mode defined for component null
2024-04-11 19:21:34,482 [WARN] ModelIntegratedComponent:63 - No mode defined for component null
2024-04-11 19:21:34,482 [WARN] ModelIntegratedComponent:63 - No mode defined for component null
2024-04-11 19:21:34,482 [WARN] ModelIntegratedComponent:63 - No mode defined for component null
2024-04-11 19:21:34,482 [WARN] ModelIntegratedComponent:63 - No mode defined for component null
2024-04-11 19:21:34,482 [WARN] ModelIntegratedComponent:63 - No mode defined for component null
2024-04-11 19:21:34,483 [WARN] ModelIntegratedComponent:63 - No mode defined for component null
2024-04-11 19:21:34,483 [WARN] ModelIntegratedComponent:63 - No mode defined for component null
2024-04-11 19:21:34,483 [WARN] ModelIntegratedComponent:63 - No mode defined for component null
2024-04-11 19:21:34,483 [WARN] ModelIntegratedComponent:63 - No mode defined for component null
2024-04-11 19:21:34,483 [WARN] ModelIntegratedComponent:63 - No mode defined for component null
2024-04-11 19:21:34,483 [WARN] ModelIntegratedComponent:63 - No mode defined for component null
2024-04-11 19:21:34,483 [WARN] ModelIntegratedComponent:63 - No mode defined for component null
2024-04-11 19:21:34,483 [WARN] ModelIntegratedComponent:63 - No mode defined for component null
2024-04-11 19:21:34,483 [WARN] ModelIntegratedComponent:63 - No mode defined for component null
2024-04-11 19:21:34,483 [WARN] ModelIntegratedComponent:63 - No mode defined for component null
2024-04-11 19:21:34,483 [WARN] ModelIntegratedComponent:63 - No mode defined for component null
2024-04-11 19:21:34,483 [WARN] ModelIntegratedComponent:63 - No mode defined for component null
2024-04-11 19:21:34,483 [WARN] ModelIntegratedComponent:63 - No mode defined for component null
2024-04-11 19:21:34,483 [WARN] ModelIntegratedComponent:63 - No mode defined for component null
2024-04-11 19:21:34,483 [WARN] ModelIntegratedComponent:63 - No mode defined for component null
2024-04-11 19:21:34,483 [WARN] ModelIntegratedComponent:63 - No mode defined for component null
2024-04-11 19:21:34,483 [WARN] ModelIntegratedComponent:63 - No mode defined for component null
2024-04-11 19:21:34,484 [WARN] ModelIntegratedComponent:63 - No mode defined for component null
2024-04-11 19:21:34,484 [WARN] ModelIntegratedComponent:63 - No mode defined for component null
2024-04-11 19:21:34,484 [WARN] ModelIntegratedComponent:63 - No mode defined for component null
2024-04-11 19:21:34,484 [WARN] ModelIntegratedComponent:63 - No mode defined for component null
2024-04-11 19:21:34,722 [INFO] ThirdPartyModel:298 - Start build external matchings
2024-04-11 19:21:35,003 [INFO] ThirdPartyModel:316 - End build external matchings
2024-04-11 19:21:37,727 [INFO] ApiDb:581 - Connected to CubeFinder SQLite database (/Users/zawad/.stmcufinder/plugins/mcufinder/mcu/cube-finder-db.db)
2024-04-11 19:21:37,872 [INFO] ApiDb:668 - CubeFinder database Data Model version=2.1
2024-04-11 19:21:37,873 [INFO] ApiDb:669 - CubeFinder database Configuration version=3.0.39
2024-04-11 19:21:37,877 [INFO] ApiDb:670 - CubeFinder database generation date=2024-03-25 (1711369621)
2024-04-11 19:21:37,878 [INFO] ApiDb:671 - CubeFinder database FW Pack versions=[FP-ATR-ASTRA1_V2.0.0, FP-SNS-FLIGHT1_V5.0.1, FP-SNS-FLIGHT1_V5.0.2, FP-SNS-MOTENV1_V4.3.1, FP-SNS-MOTENV1_V4.3.2, FP-SNS-MOTENVWB1_V1.3.1, FP-SNS-SMARTAG2_V1.2.0, STM32Cube_FW_C0_V1.1.0, STM32Cube_FW_F4_V1.28.0, STM32Cube_FW_F7_V1.17.0, STM32Cube_FW_G0_V1.6.2, STM32Cube_FW_G4_V1.5.2, STM32Cube_FW_H5_V0.5.1, STM32Cube_FW_H5_V1.1.1, STM32Cube_FW_H5_V1.2.0, STM32Cube_FW_H5_V1.2.0RC4, STM32Cube_FW_H7RS_V1.0.0, STM32Cube_FW_H7RS_V1.0.0RC4, STM32Cube_FW_H7_V1.11.0, STM32Cube_FW_L0_V1.12.2, STM32Cube_FW_L5_V1.5.1, STM32Cube_FW_U0_V1.0.0, STM32Cube_FW_U0_V1.0.0RC1, STM32Cube_FW_U5_V1.3.0RC4, STM32Cube_FW_U5_V1.5.0, STM32Cube_FW_U5_V1.5.0RC1, STM32Cube_FW_WBA_V1.0.0RC1, STM32Cube_FW_WBA_V1.2.0, STM32Cube_FW_WBA_V1.2.0RC2, STM32Cube_FW_WBA_V1.3.0, STM32Cube_FW_WBA_V1.3.0RC1, STM32Cube_FW_WB_V1.15.0RC1, STM32Cube_FW_WB_V1.16.0, STM32Cube_FW_WB_V1.16.0RC2, STM32Cube_FW_WB_V1.18.0, STM32Cube_FW_WB_V1.19.0, STM32Cube_FW_WL_V1.3.0, X-CUBE-ALGOBUILD_V1.3.0, X-CUBE-ALS_V1.0.1, X-CUBE-AZRTOS-F4_V1.1.0, X-CUBE-AZRTOS-F7_V1.1.0, X-CUBE-AZRTOS-G0_V1.1.0, X-CUBE-AZRTOS-G4_V2.0.0, X-CUBE-AZRTOS-H7_V3.2.0, X-CUBE-AZRTOS-L4_V1.0.0, X-CUBE-AZRTOS-L4_V2.0.0, X-CUBE-AZRTOS-L5_V1.1.0, X-CUBE-AZRTOS-WB_V2.0.0, X-CUBE-AZRTOS-WL_V2.0.0, X-CUBE-BLE1_V7.0.0, X-CUBE-BLE2_V3.3.0, X-CUBE-BLEMGR_V3.1.0, X-CUBE-EEPRMA1_V4.1.0, X-CUBE-EEPRMA1_V5.1.0, X-CUBE-FREERTOS_V1.1.0, X-CUBE-GNSS1_V6.0.0, X-CUBE-MEMS1_V10.0.0, X-CUBE-MEMS1_V9.1.0, X-CUBE-MEMS1_V9.4.0, X-CUBE-MEMS1_V9.6.0, X-CUBE-NFC4_V3.0.0, X-CUBE-NFC7_V1.0.1, X-CUBE-SFXS2LP1_V4.0.0, X-CUBE-SUBG2_V5.0.0, X-CUBE-TOF1_V3.4.0]
2024-04-11 19:21:38,046 [INFO] DbBoardsSqlite:226 - include board P-NUCLEO-WB55-NUCLEO as a kit item of type 'Nucleo-64'
2024-04-11 19:21:38,047 [INFO] DbBoardsSqlite:226 - include board P-NUCLEO-WB55-USBDONGLE as a kit item of type 'Nucleo USB Dongle'
2024-04-11 19:21:38,048 [INFO] DbBoardsSqlite:226 - include board STEVAL-IDP005V1 as a kit item of type 'Evaluation Board'
2024-04-11 19:21:38,049 [INFO] DbBoardsSqlite:226 - include board STEVAL-IDP005V2 as a kit item of type 'Evaluation Board'
2024-04-11 19:21:38,226 [INFO] ApiDb:240 - Found 483 in-development CPN: [B-G473E-ZEST1S, B-WB1M-WPAN1, B-WL5M-SUBG1, NUCLEO-C031C6, NUCLEO-H503RB, NUCLEO-H533RE, NUCLEO-H563ZI, NUCLEO-H7S3L8, NUCLEO-U031R8, NUCLEO-U083RC, NUCLEO-U545RE-Q, NUCLEO-U5A5ZJ-Q, NUCLEO-WBA52CG, NUCLEO-WBA55CG, STEVAL-PROTEUS1, STEVAL-SMARTAG2, STEVAL-STWINBX1, STM320518-EVAL, STM32C0116-DK, STM32C011D6Y3TR, STM32C011D6Y6TR, STM32C011F4P3, STM32C011F4P6, STM32C011F4U3, STM32C011F4U6TR, STM32C011F6P3, STM32C011F6P6, STM32C011F6U3, STM32C011F6U6TR, STM32C011J4M3, STM32C011J4M6, STM32C011J6M3, STM32C011J6M6, STM32C0316-DK, STM32C031C4T3, STM32C031C4T6, STM32C031C4U3, STM32C031C4U6, STM32C031C6T3, STM32C031C6T6, STM32C031C6U3, STM32C031C6U6, STM32C031F4P3, STM32C031F4P6, STM32C031F6P3, STM32C031F6P6, STM32C031G4U3, STM32C031G4U6, STM32C031G6U3, STM32C031G6U6, STM32C031K4T3, STM32C031K4T6, STM32C031K4U3, STM32C031K4U6, STM32C031K6T3, STM32C031K6T6, STM32C031K6U3, STM32C031K6U6, STM32G071K8TXN, STM32G071K8UXN, STM32G081GBU6N, STM32G081KBT6N, STM32G081KBUXN, STM32G0B1CCT6N, STM32G0B1KCT6, STM32G0B1NEY6TR, STM32G0B1RCT6N, STM32G0C1CCT6, STM32G0C1CCT6N, STM32G0C1CCU6N, STM32G0C1CET6N, STM32G0C1CEU6N, STM32G0C1KCT6, STM32G0C1NEY6TR, STM32G0C1RCI6N, STM32G0C1RCT6N, STM32G0C1REI6N, STM32G0C1RET6N, STM32G0C1VCI6, STM32G0C1VEI6, STM32G471CCT6, STM32G471CCU6, STM32G471CET3, STM32G471CET6, STM32G471CEU3, STM32G471CEU6, STM32G471MCT6, STM32G471MET3, STM32G471MET6, STM32G471MEY6TR, STM32G471QCT6, STM32G471QET3, STM32G471RCT6, STM32G471RET3, STM32G471RET6, STM32G471VCH6, STM32G471VCI6, STM32G471VCT6, STM32G471VEH3, STM32G471VEH6, STM32G471VEI3, STM32G471VEI6, STM32G471VET3, STM32G471VET6, STM32G474CCT6, STM32H503CBT6, STM32H503CBU6, STM32H503EBY6TR, STM32H503KBU6, STM32H503RBT6, STM32H523CCT6, STM32H523CCU6, STM32H523CET6, STM32H523CEU6, STM32H523HEY6TR, STM32H523RCT6, STM32H523RET6, STM32H523VCI6, STM32H523VCT6, STM32H523VEI6, STM32H523VET6, STM32H523ZCJ6, STM32H523ZCT6, STM32H523ZEJ6, STM32H523ZET6, STM32H533CET6, STM32H533CEU6, STM32H533HEY6TR, STM32H533RET6, STM32H533VEI6, STM32H533VET6, STM32H533ZEJ6, STM32H533ZET6, STM32H562AGI6, STM32H562AII6, STM32H562IGK6, STM32H562IGT6, STM32H562IIK6, STM32H562IIT6, STM32H562RGT6, STM32H562RGV6, STM32H562RIT6, STM32H562RIV6, STM32H562VGT6, STM32H562VIT6, STM32H562ZGT6, STM32H562ZIT6, STM32H563AGI6, STM32H563AII3Q, STM32H563AII6, STM32H563IGK6, STM32H563IGT6, STM32H563IIK3Q, STM32H563IIK6, STM32H563IIT3Q, STM32H563IIT6, STM32H563MIY3QTR, STM32H563RGT6, STM32H563RGV6, STM32H563RIT6, STM32H563RIV6, STM32H563VGT6, STM32H563VIT3Q, STM32H563VIT6, STM32H563ZGT6, STM32H563ZIT3Q, STM32H563ZIT6, STM32H573AII3Q, STM32H573AII6, STM32H573I-DK, STM32H573IIK3Q, STM32H573IIK6, STM32H573IIT3Q, STM32H573IIT6, STM32H573MIY3QTR, STM32H573RIT6, STM32H573RIV6, STM32H573VIT3Q, STM32H573VIT6, STM32H573ZIT3Q, STM32H573ZIT6, STM32H7R3A8I6, STM32H7R3I8K6, STM32H7R3I8T6, STM32H7R3L8H6, STM32H7R3L8H6H, STM32H7R3R8V6, STM32H7R3V8H6, STM32H7R3V8T6, STM32H7R3V8Y6, STM32H7R3Z8J6, STM32H7R3Z8T6, STM32H7R7A8I6, STM32H7R7I8K6, STM32H7R7I8T6, STM32H7R7L8H6, STM32H7R7L8H6H, STM32H7R7Z8J6, STM32H7S3A8I6, STM32H7S3I8K6, STM32H7S3I8T6, STM32H7S3L8H6, STM32H7S3L8H6H, STM32H7S3R8V6, STM32H7S3V8H6, STM32H7S3V8T6, STM32H7S3V8Y6, STM32H7S3Z8J6, STM32H7S3Z8T6, STM32H7S78-DK, STM32H7S7A8I6, STM32H7S7I8K6, STM32H7S7I8T6, STM32H7S7L8H6, STM32H7S7L8H6H, STM32H7S7Z8J6, STM32L4R5QGI6STR, STM32MP131AAE3, STM32MP131AAF3, STM32MP131AAG3, STM32MP131CAE3, STM32MP131CAF3, STM32MP131CAG3, STM32MP131DAE7, STM32MP131DAF7, STM32MP131DAG7, STM32MP131FAE7, STM32MP131FAF7, STM32MP131FAG7, STM32MP133AAE3, STM32MP133AAF3, STM32MP133AAG3, STM32MP133CAE3, STM32MP133CAF3, STM32MP133CAG3, STM32MP133DAE7, STM32MP133DAF7, STM32MP133DAG7, STM32MP133FAE7, STM32MP133FAF7, STM32MP133FAG7, STM32MP135AAE3, STM32MP135AAF3, STM32MP135AAG3, STM32MP135CAE3, STM32MP135CAF3, STM32MP135CAG3, STM32MP135DAE7, STM32MP135DAF7, STM32MP135DAG7, STM32MP135F-DK, STM32MP135FAE7, STM32MP135FAF7, STM32MP135FAF7T, STM32MP135FAF7U, STM32MP135FAG7, STM32U031C6T6, STM32U031C6U6, STM32U031C8T6, STM32U031C8U6, STM32U031F4P6, STM32U031F6P6, STM32U031F8P6, STM32U031G6Y6TR, STM32U031G8Y6TR, STM32U031K4U6, STM32U031K6U6, STM32U031K8U6, STM32U031R6I6, STM32U031R6T6, STM32U031R8I6, STM32U031R8T6, STM32U073C8T6, STM32U073C8U6, STM32U073CBT6, STM32U073CBU6, STM32U073CCT6, STM32U073CCU6, STM32U073H8Y6TR, STM32U073HBY6TR, STM32U073HCY6TR, STM32U073K8U6, STM32U073KBU6, STM32U073KCU6, STM32U073M8I6, STM32U073M8T6, STM32U073MBI6, STM32U073MBT6, STM32U073MCI6, STM32U073MCT6, STM32U073R8I6, STM32U073R8T6, STM32U073RBI6, STM32U073RBT6, STM32U073RCI6, STM32U073RCT6, STM32U083C-DK, STM32U083CCT6, STM32U083CCU6, STM32U083HCY6TR, STM32U083KCU6, STM32U083MCI6, STM32U083MCT6, STM32U083RCI6, STM32U083RCT6, STM32U535CBT6, STM32U535CBT6Q, STM32U535CBU6, STM32U535CBU6Q, STM32U535CCT6, STM32U535CCT6Q, STM32U535CCU6, STM32U535CCU6Q, STM32U535CET6, STM32U535CET6Q, STM32U535CEU6, STM32U535CEU6Q, STM32U535JEY6QTR, STM32U535NCY6QTR, STM32U535NEY6QTR, STM32U535RBI6, STM32U535RBI6Q, STM32U535RBT6, STM32U535RBT6Q, STM32U535RCI6, STM32U535RCI6Q, STM32U535RCT6, STM32U535RCT6Q, STM32U535REI6, STM32U535REI6Q, STM32U535RET6, STM32U535RET6Q, STM32U535VCI6, STM32U535VCI6Q, STM32U535VCT6, STM32U535VCT6Q, STM32U535VEI6, STM32U535VEI6Q, STM32U535VET6, STM32U535VET6Q, STM32U545CET6, STM32U545CET6Q, STM32U545CEU6, STM32U545CEU6Q, STM32U545JEY6QTR, STM32U545NEY6QTR, STM32U545REI6, STM32U545REI6Q, STM32U545RET6, STM32U545RET6Q, STM32U545VEI6, STM32U545VEI6Q, STM32U545VET6, STM32U545VET6Q, STM32U595AIH6, STM32U595AIH6Q, STM32U595AJH6, STM32U595AJH6Q, STM32U595QII6, STM32U595QII6Q, STM32U595QJI6, STM32U595QJI6Q, STM32U595RIT6, STM32U595RIT6Q, STM32U595RJT6, STM32U595RJT6Q, STM32U595VIT6, STM32U595VIT6Q, STM32U595VJT6, STM32U595VJT6Q, STM32U595ZIT6, STM32U595ZIT6Q, STM32U595ZIY6QTR, STM32U595ZJT6, STM32U595ZJT6Q, STM32U595ZJY6QTR, STM32U599BJY6QTR, STM32U599NIH6Q, STM32U599NJH6Q, STM32U599VIT6Q, STM32U599VJT6, STM32U599VJT6Q, STM32U599ZIT6Q, STM32U599ZIY6QTR, STM32U599ZJT6Q, STM32U599ZJY6QTR, STM32U5A5AJH6, STM32U5A5AJH6Q, STM32U5A5QII3Q , STM32U5A5QJI6, STM32U5A5QJI6Q, STM32U5A5RJT6, STM32U5A5RJT6Q, STM32U5A5VJT6, STM32U5A5VJT6Q, STM32U5A5ZJT6, STM32U5A5ZJT6Q, STM32U5A5ZJY6QTR, STM32U5A9BJY6QTR, STM32U5A9J-DK, STM32U5A9NJH6Q, STM32U5A9VJT6Q, STM32U5A9ZJT6Q, STM32U5A9ZJY6QTR, STM32U5F7VIT6, STM32U5F7VIT6Q, STM32U5F7VJT6, STM32U5F7VJT6Q, STM32U5F9BJY6QTR, STM32U5F9NJH6Q, STM32U5F9VIT6Q, STM32U5F9VJT6Q, STM32U5F9ZIJ6QTR, STM32U5F9ZIT6Q, STM32U5F9ZJJ6QTR, STM32U5F9ZJT6Q, STM32U5G7VJT6, STM32U5G7VJT6Q, STM32U5G9BJY6QTR, STM32U5G9J-DK1, STM32U5G9J-DK2, STM32U5G9NJH6Q, STM32U5G9VJT6Q, STM32U5G9ZJJ6QTR, STM32U5G9ZJT6Q, STM32WB1MMCH6, STM32WBA50KEU6, STM32WBA50KEU6TR, STM32WBA50KGU6, STM32WBA50KGU6TR, STM32WBA52CEU6, STM32WBA52CEU6TR, STM32WBA52CEU7, STM32WBA52CEU7TR, STM32WBA52CGU6, STM32WBA52CGU6TR, STM32WBA52CGU6U, STM32WBA52CGU7, STM32WBA52CGU7TR, STM32WBA52KEU6, STM32WBA52KEU6TR, STM32WBA52KGU6, STM32WBA52KGU6TR, STM32WBA54CEU6, STM32WBA54CEU6TR, STM32WBA54CEU7, STM32WBA54CEU7TR, STM32WBA54CGU6, STM32WBA54CGU6TR, STM32WBA54CGU7, STM32WBA54CGU7TR, STM32WBA54KEU6, STM32WBA54KEU6TR, STM32WBA54KEU7, STM32WBA54KEU7TR, STM32WBA54KGU6, STM32WBA54KGU6TR, STM32WBA54KGU7, STM32WBA54KGU7TR, STM32WBA55CEU6, STM32WBA55CEU6TR, STM32WBA55CEU7, STM32WBA55CEU7TR, STM32WBA55CGU6, STM32WBA55CGU6TR, STM32WBA55CGU6U, STM32WBA55CGU7, STM32WBA55CGU7TR, STM32WBA55G-DK1, STM32WBA55HEF6, STM32WBA55HEF7, STM32WBA55HGF6, STM32WBA55HGF7, STM32WBA55UEI6, STM32WBA55UEI6TR, STM32WBA55UEI7, STM32WBA55UEI7TR, STM32WBA55UGI6, STM32WBA55UGI6TR, STM32WBA55UGI7, STM32WBA55UGI7TR, STM32WL5MOCH6, STM32WL5MOCH6TR]
2024-04-11 19:21:38,617 [INFO] BoardInfo:889 - No configuration file found for board P-NUCLEO-WB55
2024-04-11 19:21:38,619 [INFO] DbBoards:161 - Kit is not supported: P-NUCLEO-WB55
2024-04-11 19:21:38,624 [INFO] BoardInfo:889 - No configuration file found for board STEVAL-BFA001V1B
2024-04-11 19:21:38,624 [INFO] DbBoards:161 - Kit is not supported: STEVAL-BFA001V1B
2024-04-11 19:21:38,625 [INFO] BoardInfo:889 - No configuration file found for board STEVAL-BFA001V2B
2024-04-11 19:21:38,625 [INFO] DbBoards:161 - Kit is not supported: STEVAL-BFA001V2B
2024-04-11 19:21:38,962 [INFO] DbBoards:168 - Found 199 boards, 196 are supported
2024-04-11 19:21:38,962 [INFO] DbBoards:169 - Found 199 boards, 8 of them is supported for  Bsp
2024-04-11 19:21:38,976 [INFO] ApiDb:668 - CubeFinder database Data Model version=2.1
2024-04-11 19:21:38,976 [INFO] ApiDb:669 - CubeFinder database Configuration version=3.0.39
2024-04-11 19:21:38,976 [INFO] ApiDb:670 - CubeFinder database generation date=2024-03-25 (1711369621)
2024-04-11 19:21:38,977 [INFO] ApiDb:671 - CubeFinder database FW Pack versions=[FP-ATR-ASTRA1_V2.0.0, FP-SNS-FLIGHT1_V5.0.1, FP-SNS-FLIGHT1_V5.0.2, FP-SNS-MOTENV1_V4.3.1, FP-SNS-MOTENV1_V4.3.2, FP-SNS-MOTENVWB1_V1.3.1, FP-SNS-SMARTAG2_V1.2.0, STM32Cube_FW_C0_V1.1.0, STM32Cube_FW_F4_V1.28.0, STM32Cube_FW_F7_V1.17.0, STM32Cube_FW_G0_V1.6.2, STM32Cube_FW_G4_V1.5.2, STM32Cube_FW_H5_V0.5.1, STM32Cube_FW_H5_V1.1.1, STM32Cube_FW_H5_V1.2.0, STM32Cube_FW_H5_V1.2.0RC4, STM32Cube_FW_H7RS_V1.0.0, STM32Cube_FW_H7RS_V1.0.0RC4, STM32Cube_FW_H7_V1.11.0, STM32Cube_FW_L0_V1.12.2, STM32Cube_FW_L5_V1.5.1, STM32Cube_FW_U0_V1.0.0, STM32Cube_FW_U0_V1.0.0RC1, STM32Cube_FW_U5_V1.3.0RC4, STM32Cube_FW_U5_V1.5.0, STM32Cube_FW_U5_V1.5.0RC1, STM32Cube_FW_WBA_V1.0.0RC1, STM32Cube_FW_WBA_V1.2.0, STM32Cube_FW_WBA_V1.2.0RC2, STM32Cube_FW_WBA_V1.3.0, STM32Cube_FW_WBA_V1.3.0RC1, STM32Cube_FW_WB_V1.15.0RC1, STM32Cube_FW_WB_V1.16.0, STM32Cube_FW_WB_V1.16.0RC2, STM32Cube_FW_WB_V1.18.0, STM32Cube_FW_WB_V1.19.0, STM32Cube_FW_WL_V1.3.0, X-CUBE-ALGOBUILD_V1.3.0, X-CUBE-ALS_V1.0.1, X-CUBE-AZRTOS-F4_V1.1.0, X-CUBE-AZRTOS-F7_V1.1.0, X-CUBE-AZRTOS-G0_V1.1.0, X-CUBE-AZRTOS-G4_V2.0.0, X-CUBE-AZRTOS-H7_V3.2.0, X-CUBE-AZRTOS-L4_V1.0.0, X-CUBE-AZRTOS-L4_V2.0.0, X-CUBE-AZRTOS-L5_V1.1.0, X-CUBE-AZRTOS-WB_V2.0.0, X-CUBE-AZRTOS-WL_V2.0.0, X-CUBE-BLE1_V7.0.0, X-CUBE-BLE2_V3.3.0, X-CUBE-BLEMGR_V3.1.0, X-CUBE-EEPRMA1_V4.1.0, X-CUBE-EEPRMA1_V5.1.0, X-CUBE-FREERTOS_V1.1.0, X-CUBE-GNSS1_V6.0.0, X-CUBE-MEMS1_V10.0.0, X-CUBE-MEMS1_V9.1.0, X-CUBE-MEMS1_V9.4.0, X-CUBE-MEMS1_V9.6.0, X-CUBE-NFC4_V3.0.0, X-CUBE-NFC7_V1.0.1, X-CUBE-SFXS2LP1_V4.0.0, X-CUBE-SUBG2_V5.0.0, X-CUBE-TOF1_V3.4.0]
2024-04-11 19:21:40,616 [INFO] ApiDb:240 - Found 483 in-development CPN: [B-G473E-ZEST1S, B-WB1M-WPAN1, B-WL5M-SUBG1, NUCLEO-C031C6, NUCLEO-H503RB, NUCLEO-H533RE, NUCLEO-H563ZI, NUCLEO-H7S3L8, NUCLEO-U031R8, NUCLEO-U083RC, NUCLEO-U545RE-Q, NUCLEO-U5A5ZJ-Q, NUCLEO-WBA52CG, NUCLEO-WBA55CG, STEVAL-PROTEUS1, STEVAL-SMARTAG2, STEVAL-STWINBX1, STM320518-EVAL, STM32C0116-DK, STM32C011D6Y3TR, STM32C011D6Y6TR, STM32C011F4P3, STM32C011F4P6, STM32C011F4U3, STM32C011F4U6TR, STM32C011F6P3, STM32C011F6P6, STM32C011F6U3, STM32C011F6U6TR, STM32C011J4M3, STM32C011J4M6, STM32C011J6M3, STM32C011J6M6, STM32C0316-DK, STM32C031C4T3, STM32C031C4T6, STM32C031C4U3, STM32C031C4U6, STM32C031C6T3, STM32C031C6T6, STM32C031C6U3, STM32C031C6U6, STM32C031F4P3, STM32C031F4P6, STM32C031F6P3, STM32C031F6P6, STM32C031G4U3, STM32C031G4U6, STM32C031G6U3, STM32C031G6U6, STM32C031K4T3, STM32C031K4T6, STM32C031K4U3, STM32C031K4U6, STM32C031K6T3, STM32C031K6T6, STM32C031K6U3, STM32C031K6U6, STM32G071K8TXN, STM32G071K8UXN, STM32G081GBU6N, STM32G081KBT6N, STM32G081KBUXN, STM32G0B1CCT6N, STM32G0B1KCT6, STM32G0B1NEY6TR, STM32G0B1RCT6N, STM32G0C1CCT6, STM32G0C1CCT6N, STM32G0C1CCU6N, STM32G0C1CET6N, STM32G0C1CEU6N, STM32G0C1KCT6, STM32G0C1NEY6TR, STM32G0C1RCI6N, STM32G0C1RCT6N, STM32G0C1REI6N, STM32G0C1RET6N, STM32G0C1VCI6, STM32G0C1VEI6, STM32G471CCT6, STM32G471CCU6, STM32G471CET3, STM32G471CET6, STM32G471CEU3, STM32G471CEU6, STM32G471MCT6, STM32G471MET3, STM32G471MET6, STM32G471MEY6TR, STM32G471QCT6, STM32G471QET3, STM32G471RCT6, STM32G471RET3, STM32G471RET6, STM32G471VCH6, STM32G471VCI6, STM32G471VCT6, STM32G471VEH3, STM32G471VEH6, STM32G471VEI3, STM32G471VEI6, STM32G471VET3, STM32G471VET6, STM32G474CCT6, STM32H503CBT6, STM32H503CBU6, STM32H503EBY6TR, STM32H503KBU6, STM32H503RBT6, STM32H523CCT6, STM32H523CCU6, STM32H523CET6, STM32H523CEU6, STM32H523HEY6TR, STM32H523RCT6, STM32H523RET6, STM32H523VCI6, STM32H523VCT6, STM32H523VEI6, STM32H523VET6, STM32H523ZCJ6, STM32H523ZCT6, STM32H523ZEJ6, STM32H523ZET6, STM32H533CET6, STM32H533CEU6, STM32H533HEY6TR, STM32H533RET6, STM32H533VEI6, STM32H533VET6, STM32H533ZEJ6, STM32H533ZET6, STM32H562AGI6, STM32H562AII6, STM32H562IGK6, STM32H562IGT6, STM32H562IIK6, STM32H562IIT6, STM32H562RGT6, STM32H562RGV6, STM32H562RIT6, STM32H562RIV6, STM32H562VGT6, STM32H562VIT6, STM32H562ZGT6, STM32H562ZIT6, STM32H563AGI6, STM32H563AII3Q, STM32H563AII6, STM32H563IGK6, STM32H563IGT6, STM32H563IIK3Q, STM32H563IIK6, STM32H563IIT3Q, STM32H563IIT6, STM32H563MIY3QTR, STM32H563RGT6, STM32H563RGV6, STM32H563RIT6, STM32H563RIV6, STM32H563VGT6, STM32H563VIT3Q, STM32H563VIT6, STM32H563ZGT6, STM32H563ZIT3Q, STM32H563ZIT6, STM32H573AII3Q, STM32H573AII6, STM32H573I-DK, STM32H573IIK3Q, STM32H573IIK6, STM32H573IIT3Q, STM32H573IIT6, STM32H573MIY3QTR, STM32H573RIT6, STM32H573RIV6, STM32H573VIT3Q, STM32H573VIT6, STM32H573ZIT3Q, STM32H573ZIT6, STM32H7R3A8I6, STM32H7R3I8K6, STM32H7R3I8T6, STM32H7R3L8H6, STM32H7R3L8H6H, STM32H7R3R8V6, STM32H7R3V8H6, STM32H7R3V8T6, STM32H7R3V8Y6, STM32H7R3Z8J6, STM32H7R3Z8T6, STM32H7R7A8I6, STM32H7R7I8K6, STM32H7R7I8T6, STM32H7R7L8H6, STM32H7R7L8H6H, STM32H7R7Z8J6, STM32H7S3A8I6, STM32H7S3I8K6, STM32H7S3I8T6, STM32H7S3L8H6, STM32H7S3L8H6H, STM32H7S3R8V6, STM32H7S3V8H6, STM32H7S3V8T6, STM32H7S3V8Y6, STM32H7S3Z8J6, STM32H7S3Z8T6, STM32H7S78-DK, STM32H7S7A8I6, STM32H7S7I8K6, STM32H7S7I8T6, STM32H7S7L8H6, STM32H7S7L8H6H, STM32H7S7Z8J6, STM32L4R5QGI6STR, STM32MP131AAE3, STM32MP131AAF3, STM32MP131AAG3, STM32MP131CAE3, STM32MP131CAF3, STM32MP131CAG3, STM32MP131DAE7, STM32MP131DAF7, STM32MP131DAG7, STM32MP131FAE7, STM32MP131FAF7, STM32MP131FAG7, STM32MP133AAE3, STM32MP133AAF3, STM32MP133AAG3, STM32MP133CAE3, STM32MP133CAF3, STM32MP133CAG3, STM32MP133DAE7, STM32MP133DAF7, STM32MP133DAG7, STM32MP133FAE7, STM32MP133FAF7, STM32MP133FAG7, STM32MP135AAE3, STM32MP135AAF3, STM32MP135AAG3, STM32MP135CAE3, STM32MP135CAF3, STM32MP135CAG3, STM32MP135DAE7, STM32MP135DAF7, STM32MP135DAG7, STM32MP135F-DK, STM32MP135FAE7, STM32MP135FAF7, STM32MP135FAF7T, STM32MP135FAF7U, STM32MP135FAG7, STM32U031C6T6, STM32U031C6U6, STM32U031C8T6, STM32U031C8U6, STM32U031F4P6, STM32U031F6P6, STM32U031F8P6, STM32U031G6Y6TR, STM32U031G8Y6TR, STM32U031K4U6, STM32U031K6U6, STM32U031K8U6, STM32U031R6I6, STM32U031R6T6, STM32U031R8I6, STM32U031R8T6, STM32U073C8T6, STM32U073C8U6, STM32U073CBT6, STM32U073CBU6, STM32U073CCT6, STM32U073CCU6, STM32U073H8Y6TR, STM32U073HBY6TR, STM32U073HCY6TR, STM32U073K8U6, STM32U073KBU6, STM32U073KCU6, STM32U073M8I6, STM32U073M8T6, STM32U073MBI6, STM32U073MBT6, STM32U073MCI6, STM32U073MCT6, STM32U073R8I6, STM32U073R8T6, STM32U073RBI6, STM32U073RBT6, STM32U073RCI6, STM32U073RCT6, STM32U083C-DK, STM32U083CCT6, STM32U083CCU6, STM32U083HCY6TR, STM32U083KCU6, STM32U083MCI6, STM32U083MCT6, STM32U083RCI6, STM32U083RCT6, STM32U535CBT6, STM32U535CBT6Q, STM32U535CBU6, STM32U535CBU6Q, STM32U535CCT6, STM32U535CCT6Q, STM32U535CCU6, STM32U535CCU6Q, STM32U535CET6, STM32U535CET6Q, STM32U535CEU6, STM32U535CEU6Q, STM32U535JEY6QTR, STM32U535NCY6QTR, STM32U535NEY6QTR, STM32U535RBI6, STM32U535RBI6Q, STM32U535RBT6, STM32U535RBT6Q, STM32U535RCI6, STM32U535RCI6Q, STM32U535RCT6, STM32U535RCT6Q, STM32U535REI6, STM32U535REI6Q, STM32U535RET6, STM32U535RET6Q, STM32U535VCI6, STM32U535VCI6Q, STM32U535VCT6, STM32U535VCT6Q, STM32U535VEI6, STM32U535VEI6Q, STM32U535VET6, STM32U535VET6Q, STM32U545CET6, STM32U545CET6Q, STM32U545CEU6, STM32U545CEU6Q, STM32U545JEY6QTR, STM32U545NEY6QTR, STM32U545REI6, STM32U545REI6Q, STM32U545RET6, STM32U545RET6Q, STM32U545VEI6, STM32U545VEI6Q, STM32U545VET6, STM32U545VET6Q, STM32U595AIH6, STM32U595AIH6Q, STM32U595AJH6, STM32U595AJH6Q, STM32U595QII6, STM32U595QII6Q, STM32U595QJI6, STM32U595QJI6Q, STM32U595RIT6, STM32U595RIT6Q, STM32U595RJT6, STM32U595RJT6Q, STM32U595VIT6, STM32U595VIT6Q, STM32U595VJT6, STM32U595VJT6Q, STM32U595ZIT6, STM32U595ZIT6Q, STM32U595ZIY6QTR, STM32U595ZJT6, STM32U595ZJT6Q, STM32U595ZJY6QTR, STM32U599BJY6QTR, STM32U599NIH6Q, STM32U599NJH6Q, STM32U599VIT6Q, STM32U599VJT6, STM32U599VJT6Q, STM32U599ZIT6Q, STM32U599ZIY6QTR, STM32U599ZJT6Q, STM32U599ZJY6QTR, STM32U5A5AJH6, STM32U5A5AJH6Q, STM32U5A5QII3Q , STM32U5A5QJI6, STM32U5A5QJI6Q, STM32U5A5RJT6, STM32U5A5RJT6Q, STM32U5A5VJT6, STM32U5A5VJT6Q, STM32U5A5ZJT6, STM32U5A5ZJT6Q, STM32U5A5ZJY6QTR, STM32U5A9BJY6QTR, STM32U5A9J-DK, STM32U5A9NJH6Q, STM32U5A9VJT6Q, STM32U5A9ZJT6Q, STM32U5A9ZJY6QTR, STM32U5F7VIT6, STM32U5F7VIT6Q, STM32U5F7VJT6, STM32U5F7VJT6Q, STM32U5F9BJY6QTR, STM32U5F9NJH6Q, STM32U5F9VIT6Q, STM32U5F9VJT6Q, STM32U5F9ZIJ6QTR, STM32U5F9ZIT6Q, STM32U5F9ZJJ6QTR, STM32U5F9ZJT6Q, STM32U5G7VJT6, STM32U5G7VJT6Q, STM32U5G9BJY6QTR, STM32U5G9J-DK1, STM32U5G9J-DK2, STM32U5G9NJH6Q, STM32U5G9VJT6Q, STM32U5G9ZJJ6QTR, STM32U5G9ZJT6Q, STM32WB1MMCH6, STM32WBA50KEU6, STM32WBA50KEU6TR, STM32WBA50KGU6, STM32WBA50KGU6TR, STM32WBA52CEU6, STM32WBA52CEU6TR, STM32WBA52CEU7, STM32WBA52CEU7TR, STM32WBA52CGU6, STM32WBA52CGU6TR, STM32WBA52CGU6U, STM32WBA52CGU7, STM32WBA52CGU7TR, STM32WBA52KEU6, STM32WBA52KEU6TR, STM32WBA52KGU6, STM32WBA52KGU6TR, STM32WBA54CEU6, STM32WBA54CEU6TR, STM32WBA54CEU7, STM32WBA54CEU7TR, STM32WBA54CGU6, STM32WBA54CGU6TR, STM32WBA54CGU7, STM32WBA54CGU7TR, STM32WBA54KEU6, STM32WBA54KEU6TR, STM32WBA54KEU7, STM32WBA54KEU7TR, STM32WBA54KGU6, STM32WBA54KGU6TR, STM32WBA54KGU7, STM32WBA54KGU7TR, STM32WBA55CEU6, STM32WBA55CEU6TR, STM32WBA55CEU7, STM32WBA55CEU7TR, STM32WBA55CGU6, STM32WBA55CGU6TR, STM32WBA55CGU6U, STM32WBA55CGU7, STM32WBA55CGU7TR, STM32WBA55G-DK1, STM32WBA55HEF6, STM32WBA55HEF7, STM32WBA55HGF6, STM32WBA55HGF7, STM32WBA55UEI6, STM32WBA55UEI6TR, STM32WBA55UEI7, STM32WBA55UEI7TR, STM32WBA55UGI6, STM32WBA55UGI6TR, STM32WBA55UGI7, STM32WBA55UGI7TR, STM32WL5MOCH6, STM32WL5MOCH6TR]
2024-04-11 19:21:40,626 [INFO] DbMcus:218 - Found 4094 MCUs, 4094 are supported
2024-04-11 19:21:40,629 [INFO] ApiDb:423 - Load user favorites file /Users/zawad/.stm32cubeide/favorites.mcus.txt: 0 item(s)
2024-04-11 19:21:40,629 [INFO] ApiDb:427 - User favorites MCUs=[]
2024-04-11 19:21:40,629 [INFO] DbMcus:224 - Set 0 / 0 favorites MCUs
2024-04-11 19:21:41,017 [INFO] ApiDb:423 - Load user favorites file /Users/zawad/.stm32cubeide/favorites.boards.txt: 0 item(s)
2024-04-11 19:21:41,018 [INFO] ApiDb:427 - User favorites Boards=[]
2024-04-11 19:21:41,019 [INFO] DbBoards:198 - Set 0 / 0 favorites Boards
2024-04-11 19:21:41,195 [INFO] UtilMem:75 - End LoadConfig() Used Memory: 812570592 Bytes (1073741824)
2024-04-11 19:21:41,493 [WARN] ThirdParty:833 - waiting for thirdparty lock release [change project]
2024-04-11 19:21:41,495 [INFO] ThirdParty:835 - entering critical section [change project]
2024-04-11 19:21:41,495 [INFO] ThirdParty:1030 - CMSIS Pack Vendor :STMicroelectronics USBPD 4.1
2024-04-11 19:21:41,495 [INFO] ThirdParty:1030 - CMSIS Pack Vendor :STMicroelectronics X-CUBE-GNSS1 6.0.0
2024-04-11 19:21:41,495 [INFO] ThirdParty:1030 - CMSIS Pack Vendor :STMicroelectronics USB_HOST 2.0.0
2024-04-11 19:21:41,495 [INFO] ThirdParty:1030 - CMSIS Pack Vendor :STMicroelectronics X-CUBE-AZRTOS-F4 1.1.0
2024-04-11 19:21:41,495 [INFO] ThirdParty:1030 - CMSIS Pack Vendor :STMicroelectronics LIBJPEG 8.0.0
2024-04-11 19:21:41,495 [INFO] ThirdParty:1030 - CMSIS Pack Vendor :STMicroelectronics X-CUBE-SMBUS 2.1.0
2024-04-11 19:21:41,496 [INFO] ThirdParty:1030 - CMSIS Pack Vendor :STMicroelectronics USB_DEVICE 3.0.0
2024-04-11 19:21:41,497 [INFO] ThirdParty:1030 - CMSIS Pack Vendor :STMicroelectronics X-CUBE-TCPP 4.1.0
2024-04-11 19:21:41,497 [INFO] ThirdParty:1030 - CMSIS Pack Vendor :STMicroelectronics X-CUBE-AZRTOS-WB 2.0.0
2024-04-11 19:21:41,497 [INFO] ThirdParty:1030 - CMSIS Pack Vendor :STMicroelectronics X-CUBE-TOUCHGFX 4.23.1
2024-04-11 19:21:41,498 [INFO] ThirdParty:1030 - CMSIS Pack Vendor :STMicroelectronics X-CUBE-TOUCHGFX 4.23.2
2024-04-11 19:21:41,498 [INFO] ThirdParty:1030 - CMSIS Pack Vendor :STMicroelectronics X-CUBE-AZRTOS-F7 1.1.0
2024-04-11 19:21:41,498 [INFO] ThirdParty:1030 - CMSIS Pack Vendor :STMicroelectronics X-CUBE-AZRTOS-L5 2.0.0
2024-04-11 19:21:41,498 [INFO] ThirdParty:1030 - CMSIS Pack Vendor :STMicroelectronics USB_DEVICE 2.0.0
2024-04-11 19:21:41,498 [INFO] ThirdParty:1030 - CMSIS Pack Vendor :STMicroelectronics X-CUBE-NFC6 3.1.0
2024-04-11 19:21:41,498 [INFO] ThirdParty:1030 - CMSIS Pack Vendor :STMicroelectronics X-CUBE-ALGOBUILD 1.3.0
2024-04-11 19:21:41,498 [INFO] ThirdParty:1030 - CMSIS Pack Vendor :STMicroelectronics FreeRTOS 0.0.1
2024-04-11 19:21:41,498 [INFO] ThirdParty:1030 - CMSIS Pack Vendor :STMicroelectronics X-CUBE-AZRTOS-G0 1.1.0
2024-04-11 19:21:41,498 [INFO] ThirdParty:1030 - CMSIS Pack Vendor :STMicroelectronics X-CUBE-SAFEA1 1.2.2
2024-04-11 19:21:41,498 [INFO] ThirdParty:1030 - CMSIS Pack Vendor :STMicroelectronics X-CUBE-NFC4 3.0.0
2024-04-11 19:21:41,498 [INFO] ThirdParty:1030 - CMSIS Pack Vendor :STMicroelectronics X-CUBE-SUBG2 5.0.0
2024-04-11 19:21:41,498 [INFO] ThirdParty:1030 - CMSIS Pack Vendor :STMicroelectronics STM32_WPAN 1.0.0
2024-04-11 19:21:41,498 [INFO] ThirdParty:1030 - CMSIS Pack Vendor :STMicroelectronics lwIP 2.0.3
2024-04-11 19:21:41,498 [INFO] ThirdParty:1030 - CMSIS Pack Vendor :STMicroelectronics FP-SNS-FLIGHT1 5.0.2
2024-04-11 19:21:41,498 [INFO] ThirdParty:1030 - CMSIS Pack Vendor :STMicroelectronics USB_HOST 1.0.0
2024-04-11 19:21:41,498 [INFO] ThirdParty:1030 - CMSIS Pack Vendor :STMicroelectronics X-CUBE-AZRTOS-G4 2.0.0
2024-04-11 19:21:41,498 [INFO] ThirdParty:1030 - CMSIS Pack Vendor :STMicroelectronics PDM2PCM 3.1.0
2024-04-11 19:21:41,498 [INFO] ThirdParty:1030 - CMSIS Pack Vendor :STMicroelectronics PDM2PCM 3.3.0
2024-04-11 19:21:41,498 [INFO] ThirdParty:1030 - CMSIS Pack Vendor :STMicroelectronics X-CUBE-DISPLAY 3.0.0
2024-04-11 19:21:41,498 [INFO] ThirdParty:1030 - CMSIS Pack Vendor :wolfSSL I-CUBE-wolfSSL 5.7.0
2024-04-11 19:21:41,498 [INFO] ThirdParty:1030 - CMSIS Pack Vendor :STMicroelectronics FP-SNS-MOTENVWB1 1.3.1
2024-04-11 19:21:41,498 [INFO] ThirdParty:1030 - CMSIS Pack Vendor :STMicroelectronics X-CUBE-BLE1 7.0.0
2024-04-11 19:21:41,498 [INFO] ThirdParty:1030 - CMSIS Pack Vendor :STMicroelectronics FP-ATR-SIGFOX1 3.2.0
2024-04-11 19:21:41,498 [INFO] ThirdParty:1030 - CMSIS Pack Vendor :STMicroelectronics X-CUBE-ISPU 2.0.0
2024-04-11 19:21:41,498 [INFO] ThirdParty:1030 - CMSIS Pack Vendor :STMicroelectronics X-CUBE-EEPRMA1 5.1.0
2024-04-11 19:21:41,498 [INFO] ThirdParty:1030 - CMSIS Pack Vendor :STMicroelectronics HAL Drivers 0.0.0
2024-04-11 19:21:41,498 [INFO] ThirdParty:1030 - CMSIS Pack Vendor :STMicroelectronics MBEDTLS 2.16.2
2024-04-11 19:21:41,498 [INFO] ThirdParty:1030 - CMSIS Pack Vendor :emotas I-CUBE-CANOPEN 1.3.0
2024-04-11 19:21:41,498 [INFO] ThirdParty:1030 - CMSIS Pack Vendor :STMicroelectronics X-CUBE-MEMS1 10.0.0
2024-04-11 19:21:41,498 [INFO] ThirdParty:1030 - CMSIS Pack Vendor :STMicroelectronics X-CUBE-FREERTOS 1.1.0
2024-04-11 19:21:41,498 [INFO] ThirdParty:1030 - CMSIS Pack Vendor :STMicroelectronics X-CUBE-NFC7 1.0.1
2024-04-11 19:21:41,499 [INFO] ThirdParty:1030 - CMSIS Pack Vendor :STMicroelectronics MBEDTLS 2.14.1
2024-04-11 19:21:41,499 [INFO] ThirdParty:1030 - CMSIS Pack Vendor :ITTIA_DB I-CUBE-ITTIADB 8.9.0
2024-04-11 19:21:41,499 [INFO] ThirdParty:1030 - CMSIS Pack Vendor :portGmbH I-Cube-SoM-uGOAL 1.1.0
2024-04-11 19:21:41,499 [INFO] ThirdParty:1030 - CMSIS Pack Vendor :STMicroelectronics X-CUBE-ALS 1.0.1
2024-04-11 19:21:41,499 [INFO] ThirdParty:1030 - CMSIS Pack Vendor :STMicroelectronics X-CUBE-BLEMGR 3.1.0
2024-04-11 19:21:41,499 [INFO] ThirdParty:1030 - CMSIS Pack Vendor :STMicroelectronics ThreadX 1.0.0
2024-04-11 19:21:41,499 [INFO] ThirdParty:1030 - CMSIS Pack Vendor :STMicroelectronics FP-SNS-SMARTAG2 1.2.0
2024-04-11 19:21:41,499 [INFO] ThirdParty:1030 - CMSIS Pack Vendor :STMicroelectronics X-CUBE-AZRTOS-WL 2.0.0
2024-04-11 19:21:41,500 [INFO] ThirdParty:1030 - CMSIS Pack Vendor :SEGGER I-CUBE-embOS 1.3.1
2024-04-11 19:21:41,503 [INFO] ThirdParty:1030 - CMSIS Pack Vendor :STMicroelectronics FP-SNS-MOTENV1 5.0.0
2024-04-11 19:21:41,503 [INFO] ThirdParty:1030 - CMSIS Pack Vendor :STMicroelectronics USB_DEVICE 1.0.0
2024-04-11 19:21:41,504 [INFO] ThirdParty:1030 - CMSIS Pack Vendor :STMicroelectronics X-CUBE-AI 8.1.0
2024-04-11 19:21:41,504 [INFO] ThirdParty:1030 - CMSIS Pack Vendor :STMicroelectronics X-CUBE-AZRTOS-L4 2.0.0
2024-04-11 19:21:41,504 [INFO] ThirdParty:1030 - CMSIS Pack Vendor :STMicroelectronics ThreadX 0.0.2
2024-04-11 19:21:41,504 [INFO] ThirdParty:1030 - CMSIS Pack Vendor :WES I-CUBE-Cesium 1.3.0
2024-04-11 19:21:41,504 [INFO] ThirdParty:1030 - CMSIS Pack Vendor :STMicroelectronics FP-ATR-ASTRA1 2.0.0
2024-04-11 19:21:41,504 [INFO] ThirdParty:1030 - CMSIS Pack Vendor :STMicroelectronics lwIP 2.1.2
2024-04-11 19:21:41,504 [INFO] ThirdParty:1030 - CMSIS Pack Vendor :STMicroelectronics X-CUBE-SFXS2LP1 4.0.0
2024-04-11 19:21:41,504 [INFO] ThirdParty:1030 - CMSIS Pack Vendor :STMicroelectronics X-CUBE-BLE2 3.3.0
2024-04-11 19:21:41,504 [INFO] ThirdParty:1030 - CMSIS Pack Vendor :STMicroelectronics X-CUBE-TOF1 3.4.1
2024-04-11 19:21:41,504 [INFO] ThirdParty:1030 - CMSIS Pack Vendor :STMicroelectronics X-CUBE-AZRTOS-H7 3.2.0
2024-04-11 19:21:41,504 [INFO] ThirdParty:1030 - CMSIS Pack Vendor :Infineon AIROC-Wi-Fi-Bluetooth-STM32 1.6.0
2024-04-11 19:21:41,504 [INFO] ThirdParty:1030 - CMSIS Pack Vendor :STMicroelectronics PDM2PCM 3.2.0
2024-04-11 19:21:41,511 [INFO] ThirdParty:841 - exiting critical section [change project]
2024-04-11 19:21:44,468 [INFO] PinOutPanel:1561 - setPackage(No Configuration,No Configuration)
2024-04-11 19:21:44,550 [INFO] PinOutPanel:1561 - setPackage(STM32L4R5ZITxP,LQFP144)
2024-04-11 19:21:47,011 [INFO] UtilMem:75 - Before build in PCC Used Memory: 643289608 Bytes (1073741824)
2024-04-11 19:21:51,568 [INFO] UtilMem:75 - After build in PCC Used Memory: 811000320 Bytes (1073741824)
2024-04-11 19:21:51,791 [INFO] IPUIPlugin:80 - create IPUIPlugin
2024-04-11 19:21:51,793 [INFO] IPUIPlugin:80 - create IPUIPlugin
2024-04-11 19:21:51,794 [INFO] IPUIPlugin:80 - create IPUIPlugin
2024-04-11 19:21:51,794 [INFO] IPUIPlugin:80 - create IPUIPlugin
2024-04-11 19:21:51,794 [INFO] IPUIPlugin:80 - create IPUIPlugin
2024-04-11 19:21:51,795 [INFO] IPUIPlugin:80 - create IPUIPlugin
2024-04-11 19:21:51,795 [INFO] IPUIPlugin:80 - create IPUIPlugin
2024-04-11 19:21:51,795 [INFO] IPUIPlugin:80 - create IPUIPlugin
2024-04-11 19:21:51,796 [INFO] IPUIPlugin:80 - create IPUIPlugin
2024-04-11 19:21:51,796 [INFO] IPUIPlugin:80 - create IPUIPlugin
2024-04-11 19:21:51,796 [INFO] IPUIPlugin:80 - create IPUIPlugin
2024-04-11 19:21:51,803 [INFO] IPUIPlugin:80 - create IPUIPlugin
2024-04-11 19:21:51,804 [INFO] IPUIPlugin:80 - create IPUIPlugin
2024-04-11 19:21:51,804 [INFO] IPUIPlugin:80 - create IPUIPlugin
2024-04-11 19:21:51,804 [INFO] IPUIPlugin:80 - create IPUIPlugin
2024-04-11 19:21:51,805 [INFO] IPUIPlugin:80 - create IPUIPlugin
2024-04-11 19:21:51,806 [INFO] IPUIPlugin:80 - create IPUIPlugin
2024-04-11 19:21:51,809 [INFO] IPUIPlugin:80 - create IPUIPlugin
2024-04-11 19:21:51,810 [INFO] IPUIPlugin:80 - create IPUIPlugin
2024-04-11 19:21:51,810 [INFO] IPUIPlugin:80 - create IPUIPlugin
2024-04-11 19:21:51,811 [INFO] IPUIPlugin:80 - create IPUIPlugin
2024-04-11 19:21:51,811 [INFO] IPUIPlugin:80 - create IPUIPlugin
2024-04-11 19:21:51,812 [INFO] IPUIPlugin:80 - create IPUIPlugin
2024-04-11 19:21:51,812 [INFO] IPUIPlugin:80 - create IPUIPlugin
2024-04-11 19:21:51,814 [INFO] IPUIPlugin:80 - create IPUIPlugin
2024-04-11 19:21:51,815 [INFO] IPUIPlugin:80 - create IPUIPlugin
2024-04-11 19:21:51,816 [INFO] IPUIPlugin:80 - create IPUIPlugin
2024-04-11 19:21:51,818 [INFO] IPUIPlugin:80 - create IPUIPlugin
2024-04-11 19:21:51,818 [INFO] IPUIPlugin:80 - create IPUIPlugin
2024-04-11 19:21:51,821 [INFO] IPUIPlugin:80 - create IPUIPlugin
2024-04-11 19:21:51,825 [INFO] IPUIPlugin:80 - create IPUIPlugin
2024-04-11 19:21:51,831 [INFO] IPUIPlugin:80 - create IPUIPlugin
2024-04-11 19:21:51,833 [INFO] IPUIPlugin:80 - create IPUIPlugin
2024-04-11 19:21:51,834 [INFO] IPUIPlugin:80 - create IPUIPlugin
2024-04-11 19:21:51,837 [INFO] IPUIPlugin:80 - create IPUIPlugin
2024-04-11 19:21:51,837 [INFO] IPUIPlugin:80 - create IPUIPlugin
2024-04-11 19:21:51,837 [INFO] IPUIPlugin:80 - create IPUIPlugin
2024-04-11 19:21:51,837 [INFO] IPUIPlugin:80 - create IPUIPlugin
2024-04-11 19:21:51,838 [INFO] IPUIPlugin:80 - create IPUIPlugin
2024-04-11 19:21:51,838 [INFO] IPUIPlugin:80 - create IPUIPlugin
2024-04-11 19:21:51,839 [INFO] IPUIPlugin:80 - create IPUIPlugin
2024-04-11 19:21:51,839 [INFO] IPUIPlugin:80 - create IPUIPlugin
2024-04-11 19:21:51,839 [INFO] IPUIPlugin:80 - create IPUIPlugin
2024-04-11 19:21:51,839 [INFO] IPUIPlugin:80 - create IPUIPlugin
2024-04-11 19:21:51,839 [INFO] IPUIPlugin:80 - create IPUIPlugin
2024-04-11 19:21:51,839 [INFO] IPUIPlugin:80 - create IPUIPlugin
2024-04-11 19:21:51,840 [INFO] IPUIPlugin:80 - create IPUIPlugin
2024-04-11 19:21:51,840 [INFO] IPUIPlugin:80 - create IPUIPlugin
2024-04-11 19:21:51,840 [INFO] IPUIPlugin:80 - create IPUIPlugin
2024-04-11 19:21:51,840 [INFO] IPUIPlugin:80 - create IPUIPlugin
2024-04-11 19:21:51,841 [INFO] IPUIPlugin:80 - create IPUIPlugin
2024-04-11 19:21:51,841 [INFO] IPUIPlugin:80 - create IPUIPlugin
2024-04-11 19:21:51,842 [INFO] IPUIPlugin:80 - create IPUIPlugin
2024-04-11 19:21:51,842 [INFO] IPUIPlugin:80 - create IPUIPlugin
2024-04-11 19:21:51,842 [INFO] IPUIPlugin:80 - create IPUIPlugin
2024-04-11 19:21:51,842 [INFO] IPUIPlugin:80 - create IPUIPlugin
2024-04-11 19:21:51,843 [INFO] IPUIPlugin:80 - create IPUIPlugin
2024-04-11 19:21:51,843 [INFO] IPUIPlugin:80 - create IPUIPlugin
2024-04-11 19:21:51,845 [INFO] IPUIPlugin:80 - create IPUIPlugin
2024-04-11 19:21:51,845 [INFO] IPUIPlugin:80 - create IPUIPlugin
2024-04-11 19:21:51,846 [INFO] IPUIPlugin:80 - create IPUIPlugin
2024-04-11 19:21:52,628 [INFO] CADModel:165 - CPN selected for project levelSTM32L4R5ZIT6P
2024-04-11 19:21:52,629 [INFO] CADModel:114 - Register for checkConnection events
2024-04-11 19:21:52,705 [INFO] OpenFileManager:343 - Restore cursor
